[0.000000] (-) TimerEvent: {}
[0.000532] (pkg_collect_pointclouds) JobQueued: {'identifier': 'pkg_collect_pointclouds', 'dependencies': OrderedDict()}
[0.000854] (pkg_collect_pointclouds) JobStarted: {'identifier': 'pkg_collect_pointclouds'}
[0.097367] (-) TimerEvent: {}
[0.198052] (-) TimerEvent: {}
[0.201609] (pkg_collect_pointclouds) JobProgress: {'identifier': 'pkg_collect_pointclouds', 'progress': 'cmake'}
[0.297411] (pkg_collect_pointclouds) JobProgress: {'identifier': 'pkg_collect_pointclouds', 'progress': 'build'}
[0.298147] (-) TimerEvent: {}
[0.303344] (pkg_collect_pointclouds) Command: {'cmd': ['/usr/bin/cmake', '--build', '/home/mines/mines_ws/captureData/scrap/build/pkg_collect_pointclouds', '--', '-j4', '-l4'], 'cwd': '/home/mines/mines_ws/captureData/scrap/build/pkg_collect_pointclouds', 'env': OrderedDict([('HOSTNAME', 'docker-desktop'), ('SHLVL', '1'), ('LD_LIBRARY_PATH', '/usr/lib/x86_64-linux-gnu/gazebo-11/plugins:/opt/ros/humble/opt/rviz_ogre_vendor/lib:/opt/ros/humble/lib/x86_64-linux-gnu:/opt/ros/humble/lib'), ('HOME', '/home/mines'), ('OLDPWD', '/home/mines/mines_ws/captureData'), ('ROS_PYTHON_VERSION', '3'), ('ROS_DISTRO', 'humble'), ('_', '/usr/bin/colcon'), ('ROS_VERSION', '2'), ('TERM', 'xterm'), ('ROS_LOCALHOST_ONLY', '0'), ('PATH', '/opt/ros/humble/bin:/usr/local/sbin:/usr/local/bin:/usr/sbin:/usr/bin:/sbin:/bin'), ('DISPLAY', 'host.docker.internal:0.0'), ('LANG', 'C.UTF-8'), ('ROS_DOMAIN_ID', '99'), ('AMENT_PREFIX_PATH', '/opt/ros/humble'), ('PWD', '/home/mines/mines_ws/captureData/scrap/build/pkg_collect_pointclouds'), ('LC_ALL', 'C.UTF-8'), ('PYTHONPATH', '/opt/ros/humble/lib/python3.10/site-packages:/opt/ros/humble/local/lib/python3.10/dist-packages'), ('COLCON', '1'), ('CMAKE_PREFIX_PATH', '/opt/ros/humble')]), 'shell': False}
[0.398513] (-) TimerEvent: {}
[0.500337] (-) TimerEvent: {}
[0.601513] (-) TimerEvent: {}
[0.703130] (-) TimerEvent: {}
[0.804561] (-) TimerEvent: {}
[0.905647] (-) TimerEvent: {}
[1.006657] (-) TimerEvent: {}
[1.107468] (-) TimerEvent: {}
[1.208139] (-) TimerEvent: {}
[1.309174] (-) TimerEvent: {}
[1.410004] (-) TimerEvent: {}
[1.478487] (pkg_collect_pointclouds) CommandEnded: {'returncode': 0}
[1.510121] (-) TimerEvent: {}
[1.514394] (pkg_collect_pointclouds) JobProgress: {'identifier': 'pkg_collect_pointclouds', 'progress': 'install'}
[1.526205] (pkg_collect_pointclouds) Command: {'cmd': ['/usr/bin/cmake', '--install', '/home/mines/mines_ws/captureData/scrap/build/pkg_collect_pointclouds'], 'cwd': '/home/mines/mines_ws/captureData/scrap/build/pkg_collect_pointclouds', 'env': OrderedDict([('HOSTNAME', 'docker-desktop'), ('SHLVL', '1'), ('LD_LIBRARY_PATH', '/usr/lib/x86_64-linux-gnu/gazebo-11/plugins:/opt/ros/humble/opt/rviz_ogre_vendor/lib:/opt/ros/humble/lib/x86_64-linux-gnu:/opt/ros/humble/lib'), ('HOME', '/home/mines'), ('OLDPWD', '/home/mines/mines_ws/captureData'), ('ROS_PYTHON_VERSION', '3'), ('ROS_DISTRO', 'humble'), ('_', '/usr/bin/colcon'), ('ROS_VERSION', '2'), ('TERM', 'xterm'), ('ROS_LOCALHOST_ONLY', '0'), ('PATH', '/opt/ros/humble/bin:/usr/local/sbin:/usr/local/bin:/usr/sbin:/usr/bin:/sbin:/bin'), ('DISPLAY', 'host.docker.internal:0.0'), ('LANG', 'C.UTF-8'), ('ROS_DOMAIN_ID', '99'), ('AMENT_PREFIX_PATH', '/opt/ros/humble'), ('PWD', '/home/mines/mines_ws/captureData/scrap/build/pkg_collect_pointclouds'), ('LC_ALL', 'C.UTF-8'), ('PYTHONPATH', '/opt/ros/humble/lib/python3.10/site-packages:/opt/ros/humble/local/lib/python3.10/dist-packages'), ('COLCON', '1'), ('CMAKE_PREFIX_PATH', '/opt/ros/humble')]), 'shell': False}
[1.591714] (pkg_collect_pointclouds) StdoutLine: {'line': b'-- Install configuration: ""\n'}
[1.610253] (-) TimerEvent: {}
[1.616143] (pkg_collect_pointclouds) StdoutLine: {'line': b'-- Up-to-date: /home/mines/mines_ws/captureData/scrap/install/pkg_collect_pointclouds/share/ament_index/resource_index/package_run_dependencies/pkg_collect_pointclouds\n'}
[1.645887] (pkg_collect_pointclouds) StdoutLine: {'line': b'-- Up-to-date: /home/mines/mines_ws/captureData/scrap/install/pkg_collect_pointclouds/share/ament_index/resource_index/parent_prefix_path/pkg_collect_pointclouds\n'}
[1.661251] (pkg_collect_pointclouds) StdoutLine: {'line': b'-- Up-to-date: /home/mines/mines_ws/captureData/scrap/install/pkg_collect_pointclouds/share/pkg_collect_pointclouds/environment/ament_prefix_path.sh\n'}
[1.679362] (pkg_collect_pointclouds) StdoutLine: {'line': b'-- Up-to-date: /home/mines/mines_ws/captureData/scrap/install/pkg_collect_pointclouds/share/pkg_collect_pointclouds/environment/ament_prefix_path.dsv\n'}
[1.694113] (pkg_collect_pointclouds) StdoutLine: {'line': b'-- Up-to-date: /home/mines/mines_ws/captureData/scrap/install/pkg_collect_pointclouds/share/pkg_collect_pointclouds/environment/path.sh\n'}
[1.710375] (-) TimerEvent: {}
[1.713081] (pkg_collect_pointclouds) StdoutLine: {'line': b'-- Up-to-date: /home/mines/mines_ws/captureData/scrap/install/pkg_collect_pointclouds/share/pkg_collect_pointclouds/environment/path.dsv\n'}
[1.730829] (pkg_collect_pointclouds) StdoutLine: {'line': b'-- Up-to-date: /home/mines/mines_ws/captureData/scrap/install/pkg_collect_pointclouds/share/pkg_collect_pointclouds/local_setup.bash\n'}
[1.746695] (pkg_collect_pointclouds) StdoutLine: {'line': b'-- Up-to-date: /home/mines/mines_ws/captureData/scrap/install/pkg_collect_pointclouds/share/pkg_collect_pointclouds/local_setup.sh\n'}
[1.763472] (pkg_collect_pointclouds) StdoutLine: {'line': b'-- Up-to-date: /home/mines/mines_ws/captureData/scrap/install/pkg_collect_pointclouds/share/pkg_collect_pointclouds/local_setup.zsh\n'}
[1.779574] (pkg_collect_pointclouds) StdoutLine: {'line': b'-- Up-to-date: /home/mines/mines_ws/captureData/scrap/install/pkg_collect_pointclouds/share/pkg_collect_pointclouds/local_setup.dsv\n'}
[1.795378] (pkg_collect_pointclouds) StdoutLine: {'line': b'-- Installing: /home/mines/mines_ws/captureData/scrap/install/pkg_collect_pointclouds/share/pkg_collect_pointclouds/package.dsv\n'}
[1.810569] (-) TimerEvent: {}
[1.868708] (pkg_collect_pointclouds) StdoutLine: {'line': b'-- Up-to-date: /home/mines/mines_ws/captureData/scrap/install/pkg_collect_pointclouds/share/ament_index/resource_index/packages/pkg_collect_pointclouds\n'}
[1.887991] (pkg_collect_pointclouds) StdoutLine: {'line': b'-- Up-to-date: /home/mines/mines_ws/captureData/scrap/install/pkg_collect_pointclouds/share/pkg_collect_pointclouds/cmake/pkg_collect_pointcloudsConfig.cmake\n'}
[1.902253] (pkg_collect_pointclouds) StdoutLine: {'line': b'-- Up-to-date: /home/mines/mines_ws/captureData/scrap/install/pkg_collect_pointclouds/share/pkg_collect_pointclouds/cmake/pkg_collect_pointcloudsConfig-version.cmake\n'}
[1.910690] (-) TimerEvent: {}
[1.919072] (pkg_collect_pointclouds) StdoutLine: {'line': b'-- Up-to-date: /home/mines/mines_ws/captureData/scrap/install/pkg_collect_pointclouds/share/pkg_collect_pointclouds/package.xml\n'}
[1.928759] (pkg_collect_pointclouds) CommandEnded: {'returncode': 0}
[2.010804] (-) TimerEvent: {}
[2.111328] (-) TimerEvent: {}
[2.212052] (-) TimerEvent: {}
[2.312495] (-) TimerEvent: {}
[2.413053] (-) TimerEvent: {}
[2.513586] (-) TimerEvent: {}
[2.521211] (pkg_collect_pointclouds) JobEnded: {'identifier': 'pkg_collect_pointclouds', 'rc': 0}
[2.527590] (-) EventReactorShutdown: {}
