[7.007s] DEBUG:colcon:Command line arguments: ['/usr/bin/colcon', 'build']
[7.007s] DEBUG:colcon:Parsed command line arguments: Namespace(log_base=None, log_level=None, verb_name='build', build_base='build', install_base='install', merge_install=False, symlink_install=False, test_result_base=None, continue_on_error=False, executor='parallel', parallel_workers=4, event_handlers=None, ignore_user_meta=False, metas=['./colcon.meta'], base_paths=['.'], packages_ignore=None, packages_ignore_regex=None, paths=None, packages_up_to=None, packages_up_to_regex=None, packages_above=None, packages_above_and_dependencies=None, packages_above_depth=None, packages_select_by_dep=None, packages_skip_by_dep=None, packages_skip_up_to=None, packages_select_build_failed=False, packages_skip_build_finished=False, packages_select_test_failures=False, packages_skip_test_passed=False, packages_select=None, packages_skip=None, packages_select_regex=None, packages_skip_regex=None, packages_start=None, packages_end=None, cmake_args=None, cmake_target=None, cmake_target_skip_unavailable=False, cmake_clean_cache=False, cmake_clean_first=False, cmake_force_configure=False, ament_cmake_args=None, catkin_cmake_args=None, catkin_skip_building_tests=False, mixin_files=None, mixin=None, verb_parser=<colcon_mixin.mixin.mixin_argument.MixinArgumentDecorator object at 0x7fadcc3e5150>, verb_extension=<colcon_core.verb.build.BuildVerb object at 0x7fadccba5960>, main=<bound method BuildVerb.main of <colcon_core.verb.build.BuildVerb object at 0x7fadccba5960>>, mixin_verb=('build',))
[7.644s] Level 1:colcon.colcon_core.package_discovery:discover_packages(colcon_meta) check parameters
[7.645s] Level 1:colcon.colcon_core.package_discovery:discover_packages(recursive) check parameters
[7.646s] Level 1:colcon.colcon_core.package_discovery:discover_packages(ignore) check parameters
[7.646s] Level 1:colcon.colcon_core.package_discovery:discover_packages(path) check parameters
[7.647s] Level 1:colcon.colcon_core.package_discovery:discover_packages(colcon_meta) discover
[7.648s] Level 1:colcon.colcon_core.package_discovery:discover_packages(recursive) discover
[7.648s] INFO:colcon.colcon_core.package_discovery:Crawling recursively for packages in '/home/mines/mines_ws/captureData/scrap'
[7.653s] Level 1:colcon.colcon_core.package_identification:_identify(.) by extensions ['ignore', 'ignore_ament_install']
[7.653s] Level 1:colcon.colcon_core.package_identification:_identify(.) by extension 'ignore'
[7.655s] Level 1:colcon.colcon_core.package_identification:_identify(.) by extension 'ignore_ament_install'
[7.656s] Level 1:colcon.colcon_core.package_identification:_identify(.) by extensions ['colcon_pkg']
[7.657s] Level 1:colcon.colcon_core.package_identification:_identify(.) by extension 'colcon_pkg'
[7.658s] Level 1:colcon.colcon_core.package_identification:_identify(.) by extensions ['colcon_meta']
[7.658s] Level 1:colcon.colcon_core.package_identification:_identify(.) by extension 'colcon_meta'
[7.659s] Level 1:colcon.colcon_core.package_identification:_identify(.) by extensions ['ros']
[7.659s] Level 1:colcon.colcon_core.package_identification:_identify(.) by extension 'ros'
[7.703s] Level 1:colcon.colcon_core.package_identification:_identify(.) by extensions ['cmake', 'python']
[7.704s] Level 1:colcon.colcon_core.package_identification:_identify(.) by extension 'cmake'
[7.704s] Level 1:colcon.colcon_core.package_identification:_identify(.) by extension 'python'
[7.705s] Level 1:colcon.colcon_core.package_identification:_identify(.) by extensions ['python_setup_py']
[7.705s] Level 1:colcon.colcon_core.package_identification:_identify(.) by extension 'python_setup_py'
[7.708s] Level 1:colcon.colcon_core.package_identification:_identify(build) by extensions ['ignore', 'ignore_ament_install']
[7.709s] Level 1:colcon.colcon_core.package_identification:_identify(build) by extension 'ignore'
[7.710s] Level 1:colcon.colcon_core.package_identification:_identify(build) ignored
[7.712s] Level 1:colcon.colcon_core.package_identification:_identify(install) by extensions ['ignore', 'ignore_ament_install']
[7.713s] Level 1:colcon.colcon_core.package_identification:_identify(install) by extension 'ignore'
[7.714s] Level 1:colcon.colcon_core.package_identification:_identify(install) ignored
[7.717s] Level 1:colcon.colcon_core.package_identification:_identify(log) by extensions ['ignore', 'ignore_ament_install']
[7.718s] Level 1:colcon.colcon_core.package_identification:_identify(log) by extension 'ignore'
[7.718s] Level 1:colcon.colcon_core.package_identification:_identify(log) ignored
[7.721s] Level 1:colcon.colcon_core.package_identification:_identify(pkg_collect_pointclouds) by extensions ['ignore', 'ignore_ament_install']
[7.721s] Level 1:colcon.colcon_core.package_identification:_identify(pkg_collect_pointclouds) by extension 'ignore'
[7.722s] Level 1:colcon.colcon_core.package_identification:_identify(pkg_collect_pointclouds) by extension 'ignore_ament_install'
[7.723s] Level 1:colcon.colcon_core.package_identification:_identify(pkg_collect_pointclouds) by extensions ['colcon_pkg']
[7.723s] Level 1:colcon.colcon_core.package_identification:_identify(pkg_collect_pointclouds) by extension 'colcon_pkg'
[7.724s] Level 1:colcon.colcon_core.package_identification:_identify(pkg_collect_pointclouds) by extensions ['colcon_meta']
[7.724s] Level 1:colcon.colcon_core.package_identification:_identify(pkg_collect_pointclouds) by extension 'colcon_meta'
[7.725s] Level 1:colcon.colcon_core.package_identification:_identify(pkg_collect_pointclouds) by extensions ['ros']
[7.725s] Level 1:colcon.colcon_core.package_identification:_identify(pkg_collect_pointclouds) by extension 'ros'
[7.764s] DEBUG:colcon.colcon_core.package_identification:Package 'pkg_collect_pointclouds' with type 'ros.ament_cmake' and name 'pkg_collect_pointclouds'
[7.764s] Level 1:colcon.colcon_core.package_discovery:discover_packages(recursive) using defaults
[7.764s] Level 1:colcon.colcon_core.package_discovery:discover_packages(ignore) discover
[7.765s] Level 1:colcon.colcon_core.package_discovery:discover_packages(ignore) using defaults
[7.765s] Level 1:colcon.colcon_core.package_discovery:discover_packages(path) discover
[7.765s] Level 1:colcon.colcon_core.package_discovery:discover_packages(path) using defaults
[8.110s] Level 5:colcon.colcon_core.verb:set package 'pkg_collect_pointclouds' build argument 'cmake_args' from command line to 'None'
[8.110s] Level 5:colcon.colcon_core.verb:set package 'pkg_collect_pointclouds' build argument 'cmake_target' from command line to 'None'
[8.111s] Level 5:colcon.colcon_core.verb:set package 'pkg_collect_pointclouds' build argument 'cmake_target_skip_unavailable' from command line to 'False'
[8.111s] Level 5:colcon.colcon_core.verb:set package 'pkg_collect_pointclouds' build argument 'cmake_clean_cache' from command line to 'False'
[8.112s] Level 5:colcon.colcon_core.verb:set package 'pkg_collect_pointclouds' build argument 'cmake_clean_first' from command line to 'False'
[8.112s] Level 5:colcon.colcon_core.verb:set package 'pkg_collect_pointclouds' build argument 'cmake_force_configure' from command line to 'False'
[8.113s] Level 5:colcon.colcon_core.verb:set package 'pkg_collect_pointclouds' build argument 'ament_cmake_args' from command line to 'None'
[8.113s] Level 5:colcon.colcon_core.verb:set package 'pkg_collect_pointclouds' build argument 'catkin_cmake_args' from command line to 'None'
[8.113s] Level 5:colcon.colcon_core.verb:set package 'pkg_collect_pointclouds' build argument 'catkin_skip_building_tests' from command line to 'False'
[8.114s] DEBUG:colcon.colcon_core.verb:Building package 'pkg_collect_pointclouds' with the following arguments: {'ament_cmake_args': None, 'build_base': '/home/mines/mines_ws/captureData/scrap/build/pkg_collect_pointclouds', 'catkin_cmake_args': None, 'catkin_skip_building_tests': False, 'cmake_args': None, 'cmake_clean_cache': False, 'cmake_clean_first': False, 'cmake_force_configure': False, 'cmake_target': None, 'cmake_target_skip_unavailable': False, 'install_base': '/home/mines/mines_ws/captureData/scrap/install/pkg_collect_pointclouds', 'merge_install': False, 'path': '/home/mines/mines_ws/captureData/scrap/pkg_collect_pointclouds', 'symlink_install': False, 'test_result_base': None}
[8.116s] INFO:colcon.colcon_core.executor:Executing jobs using 'parallel' executor
[8.121s] DEBUG:colcon.colcon_parallel_executor.executor.parallel:run_until_complete
[8.122s] INFO:colcon.colcon_ros.task.ament_cmake.build:Building ROS package in '/home/mines/mines_ws/captureData/scrap/pkg_collect_pointclouds' with build type 'ament_cmake'
[8.122s] INFO:colcon.colcon_cmake.task.cmake.build:Building CMake package in '/home/mines/mines_ws/captureData/scrap/pkg_collect_pointclouds'
[8.255s] INFO:colcon.colcon_core.plugin_system:Skipping extension 'colcon_core.shell.bat': Not used on non-Windows systems
[8.256s] INFO:colcon.colcon_core.shell:Skip shell extension 'powershell' for command environment: Not usable outside of PowerShell
[8.257s] DEBUG:colcon.colcon_core.shell:Skip shell extension 'dsv' for command environment
[8.478s] DEBUG:colcon.colcon_core.event_handler.log_command:Invoking command in '/home/mines/mines_ws/captureData/scrap/build/pkg_collect_pointclouds': CMAKE_PREFIX_PATH=/opt/ros/humble /usr/bin/cmake --build /home/mines/mines_ws/captureData/scrap/build/pkg_collect_pointclouds -- -j4 -l4
[9.603s] DEBUG:colcon.colcon_core.event_handler.log_command:Invoked command in '/home/mines/mines_ws/captureData/scrap/build/pkg_collect_pointclouds' returned '0': CMAKE_PREFIX_PATH=/opt/ros/humble /usr/bin/cmake --build /home/mines/mines_ws/captureData/scrap/build/pkg_collect_pointclouds -- -j4 -l4
[9.652s] DEBUG:colcon.colcon_core.event_handler.log_command:Invoking command in '/home/mines/mines_ws/captureData/scrap/build/pkg_collect_pointclouds': CMAKE_PREFIX_PATH=/opt/ros/humble /usr/bin/cmake --install /home/mines/mines_ws/captureData/scrap/build/pkg_collect_pointclouds
[10.052s] Level 1:colcon.colcon_core.environment:create_environment_scripts_only(pkg_collect_pointclouds)
[10.053s] DEBUG:colcon.colcon_core.event_handler.log_command:Invoked command in '/home/mines/mines_ws/captureData/scrap/build/pkg_collect_pointclouds' returned '0': CMAKE_PREFIX_PATH=/opt/ros/humble /usr/bin/cmake --install /home/mines/mines_ws/captureData/scrap/build/pkg_collect_pointclouds
[10.114s] Level 1:colcon.colcon_core.environment:checking '/home/mines/mines_ws/captureData/scrap/install/pkg_collect_pointclouds' for CMake module files
[10.173s] Level 1:colcon.colcon_core.environment:checking '/home/mines/mines_ws/captureData/scrap/install/pkg_collect_pointclouds' for CMake config files
[10.217s] Level 1:colcon.colcon_core.shell:create_environment_hook('pkg_collect_pointclouds', 'cmake_prefix_path')
[10.218s] INFO:colcon.colcon_core.shell:Creating environment hook '/home/mines/mines_ws/captureData/scrap/install/pkg_collect_pointclouds/share/pkg_collect_pointclouds/hook/cmake_prefix_path.ps1'
[10.230s] INFO:colcon.colcon_core.shell:Creating environment descriptor '/home/mines/mines_ws/captureData/scrap/install/pkg_collect_pointclouds/share/pkg_collect_pointclouds/hook/cmake_prefix_path.dsv'
[10.257s] INFO:colcon.colcon_core.shell:Creating environment hook '/home/mines/mines_ws/captureData/scrap/install/pkg_collect_pointclouds/share/pkg_collect_pointclouds/hook/cmake_prefix_path.sh'
[10.272s] Level 1:colcon.colcon_core.environment:checking '/home/mines/mines_ws/captureData/scrap/install/pkg_collect_pointclouds/bin'
[10.273s] Level 1:colcon.colcon_core.environment:checking '/home/mines/mines_ws/captureData/scrap/install/pkg_collect_pointclouds/lib/pkgconfig/pkg_collect_pointclouds.pc'
[10.297s] Level 1:colcon.colcon_core.environment:checking '/home/mines/mines_ws/captureData/scrap/install/pkg_collect_pointclouds/lib/python3.10/site-packages'
[10.299s] Level 1:colcon.colcon_core.environment:checking '/home/mines/mines_ws/captureData/scrap/install/pkg_collect_pointclouds/bin'
[10.302s] INFO:colcon.colcon_core.shell:Creating package script '/home/mines/mines_ws/captureData/scrap/install/pkg_collect_pointclouds/share/pkg_collect_pointclouds/package.ps1'
[10.313s] INFO:colcon.colcon_core.shell:Creating package descriptor '/home/mines/mines_ws/captureData/scrap/install/pkg_collect_pointclouds/share/pkg_collect_pointclouds/package.dsv'
[10.334s] INFO:colcon.colcon_core.shell:Creating package script '/home/mines/mines_ws/captureData/scrap/install/pkg_collect_pointclouds/share/pkg_collect_pointclouds/package.sh'
[10.345s] INFO:colcon.colcon_core.shell:Creating package script '/home/mines/mines_ws/captureData/scrap/install/pkg_collect_pointclouds/share/pkg_collect_pointclouds/package.bash'
[10.360s] INFO:colcon.colcon_core.shell:Creating package script '/home/mines/mines_ws/captureData/scrap/install/pkg_collect_pointclouds/share/pkg_collect_pointclouds/package.zsh'
[10.372s] Level 1:colcon.colcon_core.environment:create_file_with_runtime_dependencies(/home/mines/mines_ws/captureData/scrap/install/pkg_collect_pointclouds/share/colcon-core/packages/pkg_collect_pointclouds)
[10.412s] Level 1:colcon.colcon_core.environment:create_environment_scripts_only(pkg_collect_pointclouds)
[10.414s] Level 1:colcon.colcon_core.environment:checking '/home/mines/mines_ws/captureData/scrap/install/pkg_collect_pointclouds' for CMake module files
[10.485s] Level 1:colcon.colcon_core.environment:checking '/home/mines/mines_ws/captureData/scrap/install/pkg_collect_pointclouds' for CMake config files
[10.535s] Level 1:colcon.colcon_core.shell:create_environment_hook('pkg_collect_pointclouds', 'cmake_prefix_path')
[10.536s] INFO:colcon.colcon_core.shell:Creating environment hook '/home/mines/mines_ws/captureData/scrap/install/pkg_collect_pointclouds/share/pkg_collect_pointclouds/hook/cmake_prefix_path.ps1'
[10.550s] INFO:colcon.colcon_core.shell:Creating environment descriptor '/home/mines/mines_ws/captureData/scrap/install/pkg_collect_pointclouds/share/pkg_collect_pointclouds/hook/cmake_prefix_path.dsv'
[10.562s] INFO:colcon.colcon_core.shell:Creating environment hook '/home/mines/mines_ws/captureData/scrap/install/pkg_collect_pointclouds/share/pkg_collect_pointclouds/hook/cmake_prefix_path.sh'
[10.577s] Level 1:colcon.colcon_core.environment:checking '/home/mines/mines_ws/captureData/scrap/install/pkg_collect_pointclouds/bin'
[10.578s] Level 1:colcon.colcon_core.environment:checking '/home/mines/mines_ws/captureData/scrap/install/pkg_collect_pointclouds/lib/pkgconfig/pkg_collect_pointclouds.pc'
[10.579s] Level 1:colcon.colcon_core.environment:checking '/home/mines/mines_ws/captureData/scrap/install/pkg_collect_pointclouds/lib/python3.10/site-packages'
[10.581s] Level 1:colcon.colcon_core.environment:checking '/home/mines/mines_ws/captureData/scrap/install/pkg_collect_pointclouds/bin'
[10.583s] INFO:colcon.colcon_core.shell:Creating package script '/home/mines/mines_ws/captureData/scrap/install/pkg_collect_pointclouds/share/pkg_collect_pointclouds/package.ps1'
[10.594s] INFO:colcon.colcon_core.shell:Creating package descriptor '/home/mines/mines_ws/captureData/scrap/install/pkg_collect_pointclouds/share/pkg_collect_pointclouds/package.dsv'
[10.605s] INFO:colcon.colcon_core.shell:Creating package script '/home/mines/mines_ws/captureData/scrap/install/pkg_collect_pointclouds/share/pkg_collect_pointclouds/package.sh'
[10.615s] INFO:colcon.colcon_core.shell:Creating package script '/home/mines/mines_ws/captureData/scrap/install/pkg_collect_pointclouds/share/pkg_collect_pointclouds/package.bash'
[10.626s] INFO:colcon.colcon_core.shell:Creating package script '/home/mines/mines_ws/captureData/scrap/install/pkg_collect_pointclouds/share/pkg_collect_pointclouds/package.zsh'
[10.636s] Level 1:colcon.colcon_core.environment:create_file_with_runtime_dependencies(/home/mines/mines_ws/captureData/scrap/install/pkg_collect_pointclouds/share/colcon-core/packages/pkg_collect_pointclouds)
[10.644s] DEBUG:colcon.colcon_parallel_executor.executor.parallel:closing loop
[10.645s] DEBUG:colcon.colcon_parallel_executor.executor.parallel:loop closed
[10.645s] DEBUG:colcon.colcon_parallel_executor.executor.parallel:run_until_complete finished with '0'
[10.645s] DEBUG:colcon.colcon_core.event_reactor:joining thread
[10.730s] INFO:colcon.colcon_core.plugin_system:Skipping extension 'colcon_notification.desktop_notification.notify_send': Could not find 'notify-send'
[10.731s] INFO:colcon.colcon_core.plugin_system:Skipping extension 'colcon_notification.desktop_notification.terminal_notifier': Not used on non-Darwin systems
[10.731s] INFO:colcon.colcon_core.plugin_system:Skipping extension 'colcon_notification.desktop_notification.win32': Not used on non-Windows systems
[10.731s] INFO:colcon.colcon_notification.desktop_notification:Sending desktop notification using 'notify2'
[10.834s] DEBUG:colcon.colcon_notification.desktop_notification.notify2:Failed to initialize notify2: org.freedesktop.DBus.Error.Spawn.ExecFailed: /usr/bin/dbus-launch terminated abnormally without any error message
[10.835s] DEBUG:colcon.colcon_core.event_reactor:joined thread
[10.838s] INFO:colcon.colcon_core.shell:Creating prefix script '/home/mines/mines_ws/captureData/scrap/install/local_setup.ps1'
[10.846s] INFO:colcon.colcon_core.shell:Creating prefix util module '/home/mines/mines_ws/captureData/scrap/install/_local_setup_util_ps1.py'
[10.854s] INFO:colcon.colcon_core.shell:Creating prefix chain script '/home/mines/mines_ws/captureData/scrap/install/setup.ps1'
[10.862s] INFO:colcon.colcon_core.shell:Creating prefix script '/home/mines/mines_ws/captureData/scrap/install/local_setup.sh'
[10.870s] INFO:colcon.colcon_core.shell:Creating prefix util module '/home/mines/mines_ws/captureData/scrap/install/_local_setup_util_sh.py'
[10.876s] INFO:colcon.colcon_core.shell:Creating prefix chain script '/home/mines/mines_ws/captureData/scrap/install/setup.sh'
[10.884s] INFO:colcon.colcon_core.shell:Creating prefix script '/home/mines/mines_ws/captureData/scrap/install/local_setup.bash'
[10.893s] INFO:colcon.colcon_core.shell:Creating prefix chain script '/home/mines/mines_ws/captureData/scrap/install/setup.bash'
[10.899s] INFO:colcon.colcon_core.shell:Creating prefix script '/home/mines/mines_ws/captureData/scrap/install/local_setup.zsh'
[10.906s] INFO:colcon.colcon_core.shell:Creating prefix chain script '/home/mines/mines_ws/captureData/scrap/install/setup.zsh'
