[0.000000] (-) TimerEvent: {}
[0.000877] (pkg_collect_pointclouds) JobQueued: {'identifier': 'pkg_collect_pointclouds', 'dependencies': OrderedDict()}
[0.001391] (pkg_collect_pointclouds) JobStarted: {'identifier': 'pkg_collect_pointclouds'}
[0.076017] (pkg_collect_pointclouds) JobProgress: {'identifier': 'pkg_collect_pointclouds', 'progress': 'cmake'}
[0.097478] (-) TimerEvent: {}
[0.113042] (pkg_collect_pointclouds) JobProgress: {'identifier': 'pkg_collect_pointclouds', 'progress': 'build'}
[0.117506] (pkg_collect_pointclouds) Command: {'cmd': ['/usr/bin/cmake', '--build', '/home/mines/mines_ws/captureData/scrap/build/pkg_collect_pointclouds', '--', '-j4', '-l4'], 'cwd': '/home/mines/mines_ws/captureData/scrap/build/pkg_collect_pointclouds', 'env': OrderedDict([('HOSTNAME', 'docker-desktop'), ('SHLVL', '1'), ('LD_LIBRARY_PATH', '/usr/lib/x86_64-linux-gnu/gazebo-11/plugins:/opt/ros/humble/opt/rviz_ogre_vendor/lib:/opt/ros/humble/lib/x86_64-linux-gnu:/opt/ros/humble/lib'), ('HOME', '/home/mines'), ('OLDPWD', '/home/mines/mines_ws/captureData/scrap/pkg_collect_pointclouds'), ('ROS_PYTHON_VERSION', '3'), ('COLCON_PREFIX_PATH', '/home/mines/mines_ws/captureData/scrap/install'), ('ROS_DISTRO', 'humble'), ('_', '/usr/bin/colcon'), ('ROS_VERSION', '2'), ('TERM', 'xterm'), ('ROS_LOCALHOST_ONLY', '0'), ('PATH', '/opt/ros/humble/bin:/usr/local/sbin:/usr/local/bin:/usr/sbin:/usr/bin:/sbin:/bin'), ('DISPLAY', 'host.docker.internal:0.0'), ('LANG', 'C.UTF-8'), ('ROS_DOMAIN_ID', '99'), ('AMENT_PREFIX_PATH', '/home/mines/mines_ws/captureData/scrap/install/pkg_collect_pointclouds:/opt/ros/humble'), ('PWD', '/home/mines/mines_ws/captureData/scrap/build/pkg_collect_pointclouds'), ('LC_ALL', 'C.UTF-8'), ('PYTHONPATH', '/opt/ros/humble/lib/python3.10/site-packages:/opt/ros/humble/local/lib/python3.10/dist-packages'), ('COLCON', '1'), ('CMAKE_PREFIX_PATH', '/home/mines/mines_ws/captureData/scrap/install/pkg_collect_pointclouds:/opt/ros/humble')]), 'shell': False}
[0.197642] (-) TimerEvent: {}
[0.298250] (-) TimerEvent: {}
[0.333440] (pkg_collect_pointclouds) CommandEnded: {'returncode': 0}
[0.368174] (pkg_collect_pointclouds) JobProgress: {'identifier': 'pkg_collect_pointclouds', 'progress': 'install'}
[0.380984] (pkg_collect_pointclouds) Command: {'cmd': ['/usr/bin/cmake', '--install', '/home/mines/mines_ws/captureData/scrap/build/pkg_collect_pointclouds'], 'cwd': '/home/mines/mines_ws/captureData/scrap/build/pkg_collect_pointclouds', 'env': OrderedDict([('HOSTNAME', 'docker-desktop'), ('SHLVL', '1'), ('LD_LIBRARY_PATH', '/usr/lib/x86_64-linux-gnu/gazebo-11/plugins:/opt/ros/humble/opt/rviz_ogre_vendor/lib:/opt/ros/humble/lib/x86_64-linux-gnu:/opt/ros/humble/lib'), ('HOME', '/home/mines'), ('OLDPWD', '/home/mines/mines_ws/captureData/scrap/pkg_collect_pointclouds'), ('ROS_PYTHON_VERSION', '3'), ('COLCON_PREFIX_PATH', '/home/mines/mines_ws/captureData/scrap/install'), ('ROS_DISTRO', 'humble'), ('_', '/usr/bin/colcon'), ('ROS_VERSION', '2'), ('TERM', 'xterm'), ('ROS_LOCALHOST_ONLY', '0'), ('PATH', '/opt/ros/humble/bin:/usr/local/sbin:/usr/local/bin:/usr/sbin:/usr/bin:/sbin:/bin'), ('DISPLAY', 'host.docker.internal:0.0'), ('LANG', 'C.UTF-8'), ('ROS_DOMAIN_ID', '99'), ('AMENT_PREFIX_PATH', '/home/mines/mines_ws/captureData/scrap/install/pkg_collect_pointclouds:/opt/ros/humble'), ('PWD', '/home/mines/mines_ws/captureData/scrap/build/pkg_collect_pointclouds'), ('LC_ALL', 'C.UTF-8'), ('PYTHONPATH', '/opt/ros/humble/lib/python3.10/site-packages:/opt/ros/humble/local/lib/python3.10/dist-packages'), ('COLCON', '1'), ('CMAKE_PREFIX_PATH', '/home/mines/mines_ws/captureData/scrap/install/pkg_collect_pointclouds:/opt/ros/humble')]), 'shell': False}
[0.398440] (-) TimerEvent: {}
[0.428068] (pkg_collect_pointclouds) StdoutLine: {'line': b'-- Install configuration: ""\n'}
[0.452476] (pkg_collect_pointclouds) StdoutLine: {'line': b'-- Up-to-date: /home/mines/mines_ws/captureData/scrap/install/pkg_collect_pointclouds/share/ament_index/resource_index/package_run_dependencies/pkg_collect_pointclouds\n'}
[0.482721] (pkg_collect_pointclouds) StdoutLine: {'line': b'-- Up-to-date: /home/mines/mines_ws/captureData/scrap/install/pkg_collect_pointclouds/share/ament_index/resource_index/parent_prefix_path/pkg_collect_pointclouds\n'}
[0.498571] (-) TimerEvent: {}
[0.501020] (pkg_collect_pointclouds) StdoutLine: {'line': b'-- Up-to-date: /home/mines/mines_ws/captureData/scrap/install/pkg_collect_pointclouds/share/pkg_collect_pointclouds/environment/ament_prefix_path.sh\n'}
[0.520909] (pkg_collect_pointclouds) StdoutLine: {'line': b'-- Up-to-date: /home/mines/mines_ws/captureData/scrap/install/pkg_collect_pointclouds/share/pkg_collect_pointclouds/environment/ament_prefix_path.dsv\n'}
[0.536634] (pkg_collect_pointclouds) StdoutLine: {'line': b'-- Up-to-date: /home/mines/mines_ws/captureData/scrap/install/pkg_collect_pointclouds/share/pkg_collect_pointclouds/environment/path.sh\n'}
[0.557310] (pkg_collect_pointclouds) StdoutLine: {'line': b'-- Up-to-date: /home/mines/mines_ws/captureData/scrap/install/pkg_collect_pointclouds/share/pkg_collect_pointclouds/environment/path.dsv\n'}
[0.574072] (pkg_collect_pointclouds) StdoutLine: {'line': b'-- Up-to-date: /home/mines/mines_ws/captureData/scrap/install/pkg_collect_pointclouds/share/pkg_collect_pointclouds/local_setup.bash\n'}
[0.589881] (pkg_collect_pointclouds) StdoutLine: {'line': b'-- Up-to-date: /home/mines/mines_ws/captureData/scrap/install/pkg_collect_pointclouds/share/pkg_collect_pointclouds/local_setup.sh\n'}
[0.598727] (-) TimerEvent: {}
[0.610090] (pkg_collect_pointclouds) StdoutLine: {'line': b'-- Up-to-date: /home/mines/mines_ws/captureData/scrap/install/pkg_collect_pointclouds/share/pkg_collect_pointclouds/local_setup.zsh\n'}
[0.627125] (pkg_collect_pointclouds) StdoutLine: {'line': b'-- Up-to-date: /home/mines/mines_ws/captureData/scrap/install/pkg_collect_pointclouds/share/pkg_collect_pointclouds/local_setup.dsv\n'}
[0.643033] (pkg_collect_pointclouds) StdoutLine: {'line': b'-- Installing: /home/mines/mines_ws/captureData/scrap/install/pkg_collect_pointclouds/share/pkg_collect_pointclouds/package.dsv\n'}
[0.698861] (-) TimerEvent: {}
[0.709074] (pkg_collect_pointclouds) StdoutLine: {'line': b'-- Up-to-date: /home/mines/mines_ws/captureData/scrap/install/pkg_collect_pointclouds/share/ament_index/resource_index/packages/pkg_collect_pointclouds\n'}
[0.729386] (pkg_collect_pointclouds) StdoutLine: {'line': b'-- Up-to-date: /home/mines/mines_ws/captureData/scrap/install/pkg_collect_pointclouds/share/pkg_collect_pointclouds/cmake/pkg_collect_pointcloudsConfig.cmake\n'}
[0.743558] (pkg_collect_pointclouds) StdoutLine: {'line': b'-- Up-to-date: /home/mines/mines_ws/captureData/scrap/install/pkg_collect_pointclouds/share/pkg_collect_pointclouds/cmake/pkg_collect_pointcloudsConfig-version.cmake\n'}
[0.760709] (pkg_collect_pointclouds) StdoutLine: {'line': b'-- Up-to-date: /home/mines/mines_ws/captureData/scrap/install/pkg_collect_pointclouds/share/pkg_collect_pointclouds/package.xml\n'}
[0.769450] (pkg_collect_pointclouds) CommandEnded: {'returncode': 0}
[0.798986] (-) TimerEvent: {}
[0.899459] (-) TimerEvent: {}
[0.999926] (-) TimerEvent: {}
[1.100435] (-) TimerEvent: {}
[1.200958] (-) TimerEvent: {}
[1.301585] (-) TimerEvent: {}
[1.402161] (-) TimerEvent: {}
[1.502970] (-) TimerEvent: {}
[1.604035] (-) TimerEvent: {}
[1.706174] (-) TimerEvent: {}
[1.807887] (-) TimerEvent: {}
[1.847292] (pkg_collect_pointclouds) JobEnded: {'identifier': 'pkg_collect_pointclouds', 'rc': 0}
[1.854173] (-) EventReactorShutdown: {}
