[0.364s] DEBUG:colcon:Command line arguments: ['/usr/bin/colcon', 'build']
[0.364s] DEBUG:colcon:Parsed command line arguments: Namespace(log_base=None, log_level=None, verb_name='build', build_base='build', install_base='install', merge_install=False, symlink_install=False, test_result_base=None, continue_on_error=False, executor='parallel', parallel_workers=4, event_handlers=None, ignore_user_meta=False, metas=['./colcon.meta'], base_paths=['.'], packages_ignore=None, packages_ignore_regex=None, paths=None, packages_up_to=None, packages_up_to_regex=None, packages_above=None, packages_above_and_dependencies=None, packages_above_depth=None, packages_select_by_dep=None, packages_skip_by_dep=None, packages_skip_up_to=None, packages_select_build_failed=False, packages_skip_build_finished=False, packages_select_test_failures=False, packages_skip_test_passed=False, packages_select=None, packages_skip=None, packages_select_regex=None, packages_skip_regex=None, packages_start=None, packages_end=None, cmake_args=None, cmake_target=None, cmake_target_skip_unavailable=False, cmake_clean_cache=False, cmake_clean_first=False, cmake_force_configure=False, ament_cmake_args=None, catkin_cmake_args=None, catkin_skip_building_tests=False, mixin_files=None, mixin=None, verb_parser=<colcon_mixin.mixin.mixin_argument.MixinArgumentDecorator object at 0x7fe17cea10f0>, verb_extension=<colcon_core.verb.build.BuildVerb object at 0x7fe17d65d9c0>, main=<bound method BuildVerb.main of <colcon_core.verb.build.BuildVerb object at 0x7fe17d65d9c0>>, mixin_verb=('build',))
[0.410s] Level 1:colcon.colcon_core.package_discovery:discover_packages(colcon_meta) check parameters
[0.411s] Level 1:colcon.colcon_core.package_discovery:discover_packages(recursive) check parameters
[0.411s] Level 1:colcon.colcon_core.package_discovery:discover_packages(ignore) check parameters
[0.412s] Level 1:colcon.colcon_core.package_discovery:discover_packages(path) check parameters
[0.412s] Level 1:colcon.colcon_core.package_discovery:discover_packages(colcon_meta) discover
[0.412s] Level 1:colcon.colcon_core.package_discovery:discover_packages(recursive) discover
[0.413s] INFO:colcon.colcon_core.package_discovery:Crawling recursively for packages in '/home/mines/mines_ws/captureData/scrap/ros2_ws'
[0.415s] Level 1:colcon.colcon_core.package_identification:_identify(.) by extensions ['ignore', 'ignore_ament_install']
[0.415s] Level 1:colcon.colcon_core.package_identification:_identify(.) by extension 'ignore'
[0.415s] Level 1:colcon.colcon_core.package_identification:_identify(.) by extension 'ignore_ament_install'
[0.416s] Level 1:colcon.colcon_core.package_identification:_identify(.) by extensions ['colcon_pkg']
[0.416s] Level 1:colcon.colcon_core.package_identification:_identify(.) by extension 'colcon_pkg'
[0.417s] Level 1:colcon.colcon_core.package_identification:_identify(.) by extensions ['colcon_meta']
[0.417s] Level 1:colcon.colcon_core.package_identification:_identify(.) by extension 'colcon_meta'
[0.417s] Level 1:colcon.colcon_core.package_identification:_identify(.) by extensions ['ros']
[0.417s] Level 1:colcon.colcon_core.package_identification:_identify(.) by extension 'ros'
[0.431s] Level 1:colcon.colcon_core.package_identification:_identify(.) by extensions ['cmake', 'python']
[0.431s] Level 1:colcon.colcon_core.package_identification:_identify(.) by extension 'cmake'
[0.432s] Level 1:colcon.colcon_core.package_identification:_identify(.) by extension 'python'
[0.432s] Level 1:colcon.colcon_core.package_identification:_identify(.) by extensions ['python_setup_py']
[0.433s] Level 1:colcon.colcon_core.package_identification:_identify(.) by extension 'python_setup_py'
[0.435s] Level 1:colcon.colcon_core.package_identification:_identify(build) by extensions ['ignore', 'ignore_ament_install']
[0.436s] Level 1:colcon.colcon_core.package_identification:_identify(build) by extension 'ignore'
[0.437s] Level 1:colcon.colcon_core.package_identification:_identify(build) ignored
[0.439s] Level 1:colcon.colcon_core.package_identification:_identify(install) by extensions ['ignore', 'ignore_ament_install']
[0.439s] Level 1:colcon.colcon_core.package_identification:_identify(install) by extension 'ignore'
[0.440s] Level 1:colcon.colcon_core.package_identification:_identify(install) ignored
[0.443s] Level 1:colcon.colcon_core.package_identification:_identify(log) by extensions ['ignore', 'ignore_ament_install']
[0.443s] Level 1:colcon.colcon_core.package_identification:_identify(log) by extension 'ignore'
[0.443s] Level 1:colcon.colcon_core.package_identification:_identify(log) ignored
[0.445s] Level 1:colcon.colcon_core.package_identification:_identify(my_python_pkg) by extensions ['ignore', 'ignore_ament_install']
[0.446s] Level 1:colcon.colcon_core.package_identification:_identify(my_python_pkg) by extension 'ignore'
[0.446s] Level 1:colcon.colcon_core.package_identification:_identify(my_python_pkg) by extension 'ignore_ament_install'
[0.447s] Level 1:colcon.colcon_core.package_identification:_identify(my_python_pkg) by extensions ['colcon_pkg']
[0.448s] Level 1:colcon.colcon_core.package_identification:_identify(my_python_pkg) by extension 'colcon_pkg'
[0.448s] Level 1:colcon.colcon_core.package_identification:_identify(my_python_pkg) by extensions ['colcon_meta']
[0.448s] Level 1:colcon.colcon_core.package_identification:_identify(my_python_pkg) by extension 'colcon_meta'
[0.449s] Level 1:colcon.colcon_core.package_identification:_identify(my_python_pkg) by extensions ['ros']
[0.449s] Level 1:colcon.colcon_core.package_identification:_identify(my_python_pkg) by extension 'ros'
[0.458s] DEBUG:colcon.colcon_core.package_identification:Package 'my_python_pkg' with type 'ros.ament_python' and name 'my_python_pkg'
[0.461s] Level 1:colcon.colcon_core.package_identification:_identify(src) by extensions ['ignore', 'ignore_ament_install']
[0.461s] Level 1:colcon.colcon_core.package_identification:_identify(src) by extension 'ignore'
[0.462s] Level 1:colcon.colcon_core.package_identification:_identify(src) by extension 'ignore_ament_install'
[0.463s] Level 1:colcon.colcon_core.package_identification:_identify(src) by extensions ['colcon_pkg']
[0.463s] Level 1:colcon.colcon_core.package_identification:_identify(src) by extension 'colcon_pkg'
[0.463s] Level 1:colcon.colcon_core.package_identification:_identify(src) by extensions ['colcon_meta']
[0.464s] Level 1:colcon.colcon_core.package_identification:_identify(src) by extension 'colcon_meta'
[0.464s] Level 1:colcon.colcon_core.package_identification:_identify(src) by extensions ['ros']
[0.464s] Level 1:colcon.colcon_core.package_identification:_identify(src) by extension 'ros'
[0.467s] Level 1:colcon.colcon_core.package_identification:_identify(src) by extensions ['cmake', 'python']
[0.467s] Level 1:colcon.colcon_core.package_identification:_identify(src) by extension 'cmake'
[0.467s] Level 1:colcon.colcon_core.package_identification:_identify(src) by extension 'python'
[0.468s] Level 1:colcon.colcon_core.package_identification:_identify(src) by extensions ['python_setup_py']
[0.468s] Level 1:colcon.colcon_core.package_identification:_identify(src) by extension 'python_setup_py'
[0.469s] Level 1:colcon.colcon_core.package_discovery:discover_packages(recursive) using defaults
[0.469s] Level 1:colcon.colcon_core.package_discovery:discover_packages(ignore) discover
[0.469s] Level 1:colcon.colcon_core.package_discovery:discover_packages(ignore) using defaults
[0.469s] Level 1:colcon.colcon_core.package_discovery:discover_packages(path) discover
[0.469s] Level 1:colcon.colcon_core.package_discovery:discover_packages(path) using defaults
[0.503s] Level 5:colcon.colcon_core.verb:set package 'my_python_pkg' build argument 'cmake_args' from command line to 'None'
[0.503s] Level 5:colcon.colcon_core.verb:set package 'my_python_pkg' build argument 'cmake_target' from command line to 'None'
[0.503s] Level 5:colcon.colcon_core.verb:set package 'my_python_pkg' build argument 'cmake_target_skip_unavailable' from command line to 'False'
[0.504s] Level 5:colcon.colcon_core.verb:set package 'my_python_pkg' build argument 'cmake_clean_cache' from command line to 'False'
[0.504s] Level 5:colcon.colcon_core.verb:set package 'my_python_pkg' build argument 'cmake_clean_first' from command line to 'False'
[0.504s] Level 5:colcon.colcon_core.verb:set package 'my_python_pkg' build argument 'cmake_force_configure' from command line to 'False'
[0.504s] Level 5:colcon.colcon_core.verb:set package 'my_python_pkg' build argument 'ament_cmake_args' from command line to 'None'
[0.505s] Level 5:colcon.colcon_core.verb:set package 'my_python_pkg' build argument 'catkin_cmake_args' from command line to 'None'
[0.505s] Level 5:colcon.colcon_core.verb:set package 'my_python_pkg' build argument 'catkin_skip_building_tests' from command line to 'False'
[0.505s] DEBUG:colcon.colcon_core.verb:Building package 'my_python_pkg' with the following arguments: {'ament_cmake_args': None, 'build_base': '/home/mines/mines_ws/captureData/scrap/ros2_ws/build/my_python_pkg', 'catkin_cmake_args': None, 'catkin_skip_building_tests': False, 'cmake_args': None, 'cmake_clean_cache': False, 'cmake_clean_first': False, 'cmake_force_configure': False, 'cmake_target': None, 'cmake_target_skip_unavailable': False, 'install_base': '/home/mines/mines_ws/captureData/scrap/ros2_ws/install/my_python_pkg', 'merge_install': False, 'path': '/home/mines/mines_ws/captureData/scrap/ros2_ws/my_python_pkg', 'symlink_install': False, 'test_result_base': None}
[0.506s] INFO:colcon.colcon_core.executor:Executing jobs using 'parallel' executor
[0.510s] DEBUG:colcon.colcon_parallel_executor.executor.parallel:run_until_complete
[0.511s] INFO:colcon.colcon_ros.task.ament_python.build:Building ROS package in '/home/mines/mines_ws/captureData/scrap/ros2_ws/my_python_pkg' with build type 'ament_python'
[0.511s] Level 1:colcon.colcon_core.shell:create_environment_hook('my_python_pkg', 'ament_prefix_path')
[0.518s] INFO:colcon.colcon_core.plugin_system:Skipping extension 'colcon_core.shell.bat': Not used on non-Windows systems
[0.519s] INFO:colcon.colcon_core.shell:Creating environment hook '/home/mines/mines_ws/captureData/scrap/ros2_ws/install/my_python_pkg/share/my_python_pkg/hook/ament_prefix_path.ps1'
[0.531s] INFO:colcon.colcon_core.shell:Creating environment descriptor '/home/mines/mines_ws/captureData/scrap/ros2_ws/install/my_python_pkg/share/my_python_pkg/hook/ament_prefix_path.dsv'
[0.543s] INFO:colcon.colcon_core.shell:Creating environment hook '/home/mines/mines_ws/captureData/scrap/ros2_ws/install/my_python_pkg/share/my_python_pkg/hook/ament_prefix_path.sh'
[0.557s] INFO:colcon.colcon_core.shell:Skip shell extension 'powershell' for command environment: Not usable outside of PowerShell
[0.558s] DEBUG:colcon.colcon_core.shell:Skip shell extension 'dsv' for command environment
[0.964s] INFO:colcon.colcon_core.task.python.build:Building Python package in '/home/mines/mines_ws/captureData/scrap/ros2_ws/my_python_pkg'
[0.966s] INFO:colcon.colcon_core.shell:Skip shell extension 'powershell' for command environment: Not usable outside of PowerShell
[0.966s] DEBUG:colcon.colcon_core.shell:Skip shell extension 'dsv' for command environment
[2.474s] DEBUG:colcon.colcon_core.event_handler.log_command:Invoking command in '/home/mines/mines_ws/captureData/scrap/ros2_ws/my_python_pkg': PYTHONPATH=/home/mines/mines_ws/captureData/scrap/ros2_ws/build/my_python_pkg/prefix_override:/home/mines/mines_ws/captureData/scrap/ros2_ws/install/my_python_pkg/lib/python3.10/site-packages:${PYTHONPATH} /usr/bin/python3 setup.py egg_info --egg-base ../build/my_python_pkg build --build-base /home/mines/mines_ws/captureData/scrap/ros2_ws/build/my_python_pkg/build install --record /home/mines/mines_ws/captureData/scrap/ros2_ws/build/my_python_pkg/install.log --single-version-externally-managed
[3.877s] Level 1:colcon.colcon_core.environment:checking '/home/mines/mines_ws/captureData/scrap/ros2_ws/install/my_python_pkg' for CMake module files
[3.879s] DEBUG:colcon.colcon_core.event_handler.log_command:Invoked command in '/home/mines/mines_ws/captureData/scrap/ros2_ws/my_python_pkg' returned '0': PYTHONPATH=/home/mines/mines_ws/captureData/scrap/ros2_ws/build/my_python_pkg/prefix_override:/home/mines/mines_ws/captureData/scrap/ros2_ws/install/my_python_pkg/lib/python3.10/site-packages:${PYTHONPATH} /usr/bin/python3 setup.py egg_info --egg-base ../build/my_python_pkg build --build-base /home/mines/mines_ws/captureData/scrap/ros2_ws/build/my_python_pkg/build install --record /home/mines/mines_ws/captureData/scrap/ros2_ws/build/my_python_pkg/install.log --single-version-externally-managed
[3.908s] Level 1:colcon.colcon_core.environment:checking '/home/mines/mines_ws/captureData/scrap/ros2_ws/install/my_python_pkg' for CMake config files
[3.967s] Level 1:colcon.colcon_core.environment:checking '/home/mines/mines_ws/captureData/scrap/ros2_ws/install/my_python_pkg/lib'
[3.971s] Level 1:colcon.colcon_core.environment:checking '/home/mines/mines_ws/captureData/scrap/ros2_ws/install/my_python_pkg/bin'
[3.972s] Level 1:colcon.colcon_core.environment:checking '/home/mines/mines_ws/captureData/scrap/ros2_ws/install/my_python_pkg/lib/pkgconfig/my_python_pkg.pc'
[3.974s] Level 1:colcon.colcon_core.environment:checking '/home/mines/mines_ws/captureData/scrap/ros2_ws/install/my_python_pkg/lib/python3.10/site-packages'
[3.976s] Level 1:colcon.colcon_core.shell:create_environment_hook('my_python_pkg', 'pythonpath')
[3.978s] INFO:colcon.colcon_core.shell:Creating environment hook '/home/mines/mines_ws/captureData/scrap/ros2_ws/install/my_python_pkg/share/my_python_pkg/hook/pythonpath.ps1'
[3.989s] INFO:colcon.colcon_core.shell:Creating environment descriptor '/home/mines/mines_ws/captureData/scrap/ros2_ws/install/my_python_pkg/share/my_python_pkg/hook/pythonpath.dsv'
[4.003s] INFO:colcon.colcon_core.shell:Creating environment hook '/home/mines/mines_ws/captureData/scrap/ros2_ws/install/my_python_pkg/share/my_python_pkg/hook/pythonpath.sh'
[4.022s] Level 1:colcon.colcon_core.environment:checking '/home/mines/mines_ws/captureData/scrap/ros2_ws/install/my_python_pkg/bin'
[4.023s] Level 1:colcon.colcon_core.environment:create_environment_scripts_only(my_python_pkg)
[4.026s] INFO:colcon.colcon_core.shell:Creating package script '/home/mines/mines_ws/captureData/scrap/ros2_ws/install/my_python_pkg/share/my_python_pkg/package.ps1'
[4.037s] INFO:colcon.colcon_core.shell:Creating package descriptor '/home/mines/mines_ws/captureData/scrap/ros2_ws/install/my_python_pkg/share/my_python_pkg/package.dsv'
[4.047s] INFO:colcon.colcon_core.shell:Creating package script '/home/mines/mines_ws/captureData/scrap/ros2_ws/install/my_python_pkg/share/my_python_pkg/package.sh'
[4.058s] INFO:colcon.colcon_core.shell:Creating package script '/home/mines/mines_ws/captureData/scrap/ros2_ws/install/my_python_pkg/share/my_python_pkg/package.bash'
[4.069s] INFO:colcon.colcon_core.shell:Creating package script '/home/mines/mines_ws/captureData/scrap/ros2_ws/install/my_python_pkg/share/my_python_pkg/package.zsh'
[4.077s] Level 1:colcon.colcon_core.environment:create_file_with_runtime_dependencies(/home/mines/mines_ws/captureData/scrap/ros2_ws/install/my_python_pkg/share/colcon-core/packages/my_python_pkg)
[4.086s] DEBUG:colcon.colcon_parallel_executor.executor.parallel:closing loop
[4.086s] DEBUG:colcon.colcon_parallel_executor.executor.parallel:loop closed
[4.086s] DEBUG:colcon.colcon_parallel_executor.executor.parallel:run_until_complete finished with '0'
[4.087s] DEBUG:colcon.colcon_core.event_reactor:joining thread
[4.099s] INFO:colcon.colcon_core.plugin_system:Skipping extension 'colcon_notification.desktop_notification.notify_send': Could not find 'notify-send'
[4.100s] INFO:colcon.colcon_core.plugin_system:Skipping extension 'colcon_notification.desktop_notification.terminal_notifier': Not used on non-Darwin systems
[4.100s] INFO:colcon.colcon_core.plugin_system:Skipping extension 'colcon_notification.desktop_notification.win32': Not used on non-Windows systems
[4.100s] INFO:colcon.colcon_notification.desktop_notification:Sending desktop notification using 'notify2'
[4.102s] DEBUG:colcon.colcon_notification.desktop_notification.notify2:Failed to initialize notify2: org.freedesktop.DBus.Error.Spawn.ExecFailed: /usr/bin/dbus-launch terminated abnormally without any error message
[4.111s] DEBUG:colcon.colcon_core.event_reactor:joined thread
[4.114s] INFO:colcon.colcon_core.shell:Creating prefix script '/home/mines/mines_ws/captureData/scrap/ros2_ws/install/local_setup.ps1'
[4.120s] INFO:colcon.colcon_core.shell:Creating prefix util module '/home/mines/mines_ws/captureData/scrap/ros2_ws/install/_local_setup_util_ps1.py'
[4.127s] INFO:colcon.colcon_core.shell:Creating prefix chain script '/home/mines/mines_ws/captureData/scrap/ros2_ws/install/setup.ps1'
[4.143s] INFO:colcon.colcon_core.shell:Creating prefix script '/home/mines/mines_ws/captureData/scrap/ros2_ws/install/local_setup.sh'
[4.147s] INFO:colcon.colcon_core.shell:Creating prefix util module '/home/mines/mines_ws/captureData/scrap/ros2_ws/install/_local_setup_util_sh.py'
[4.152s] INFO:colcon.colcon_core.shell:Creating prefix chain script '/home/mines/mines_ws/captureData/scrap/ros2_ws/install/setup.sh'
[4.165s] INFO:colcon.colcon_core.shell:Creating prefix script '/home/mines/mines_ws/captureData/scrap/ros2_ws/install/local_setup.bash'
[4.170s] INFO:colcon.colcon_core.shell:Creating prefix chain script '/home/mines/mines_ws/captureData/scrap/ros2_ws/install/setup.bash'
[4.182s] INFO:colcon.colcon_core.shell:Creating prefix script '/home/mines/mines_ws/captureData/scrap/ros2_ws/install/local_setup.zsh'
[4.187s] INFO:colcon.colcon_core.shell:Creating prefix chain script '/home/mines/mines_ws/captureData/scrap/ros2_ws/install/setup.zsh'
