[0.127s] Invoking command in '/home/mines/mines_ws/captureData/scrap/build/pkg_collect_pointclouds': CMAKE_PREFIX_PATH=${CMAKE_PREFIX_PATH}:/opt/ros/humble /usr/bin/cmake --build /home/mines/mines_ws/captureData/scrap/build/pkg_collect_pointclouds -- -j4 -l4
[0.332s] Invoked command in '/home/mines/mines_ws/captureData/scrap/build/pkg_collect_pointclouds' returned '0': CMAKE_PREFIX_PATH=${CMAKE_PREFIX_PATH}:/opt/ros/humble /usr/bin/cmake --build /home/mines/mines_ws/captureData/scrap/build/pkg_collect_pointclouds -- -j4 -l4
[0.381s] Invoking command in '/home/mines/mines_ws/captureData/scrap/build/pkg_collect_pointclouds': CMAKE_PREFIX_PATH=${CMAKE_PREFIX_PATH}:/opt/ros/humble /usr/bin/cmake --install /home/mines/mines_ws/captureData/scrap/build/pkg_collect_pointclouds
[0.427s] -- Install configuration: ""
[0.452s] -- Up-to-date: /home/mines/mines_ws/captureData/scrap/install/pkg_collect_pointclouds/share/ament_index/resource_index/package_run_dependencies/pkg_collect_pointclouds
[0.482s] -- Up-to-date: /home/mines/mines_ws/captureData/scrap/install/pkg_collect_pointclouds/share/ament_index/resource_index/parent_prefix_path/pkg_collect_pointclouds
[0.500s] -- Up-to-date: /home/mines/mines_ws/captureData/scrap/install/pkg_collect_pointclouds/share/pkg_collect_pointclouds/environment/ament_prefix_path.sh
[0.521s] -- Up-to-date: /home/mines/mines_ws/captureData/scrap/install/pkg_collect_pointclouds/share/pkg_collect_pointclouds/environment/ament_prefix_path.dsv
[0.536s] -- Up-to-date: /home/mines/mines_ws/captureData/scrap/install/pkg_collect_pointclouds/share/pkg_collect_pointclouds/environment/path.sh
[0.556s] -- Up-to-date: /home/mines/mines_ws/captureData/scrap/install/pkg_collect_pointclouds/share/pkg_collect_pointclouds/environment/path.dsv
[0.573s] -- Up-to-date: /home/mines/mines_ws/captureData/scrap/install/pkg_collect_pointclouds/share/pkg_collect_pointclouds/local_setup.bash
[0.589s] -- Up-to-date: /home/mines/mines_ws/captureData/scrap/install/pkg_collect_pointclouds/share/pkg_collect_pointclouds/local_setup.sh
[0.609s] -- Up-to-date: /home/mines/mines_ws/captureData/scrap/install/pkg_collect_pointclouds/share/pkg_collect_pointclouds/local_setup.zsh
[0.626s] -- Up-to-date: /home/mines/mines_ws/captureData/scrap/install/pkg_collect_pointclouds/share/pkg_collect_pointclouds/local_setup.dsv
[0.642s] -- Installing: /home/mines/mines_ws/captureData/scrap/install/pkg_collect_pointclouds/share/pkg_collect_pointclouds/package.dsv
[0.708s] -- Up-to-date: /home/mines/mines_ws/captureData/scrap/install/pkg_collect_pointclouds/share/ament_index/resource_index/packages/pkg_collect_pointclouds
[0.728s] -- Up-to-date: /home/mines/mines_ws/captureData/scrap/install/pkg_collect_pointclouds/share/pkg_collect_pointclouds/cmake/pkg_collect_pointcloudsConfig.cmake
[0.742s] -- Up-to-date: /home/mines/mines_ws/captureData/scrap/install/pkg_collect_pointclouds/share/pkg_collect_pointclouds/cmake/pkg_collect_pointcloudsConfig-version.cmake
[0.759s] -- Up-to-date: /home/mines/mines_ws/captureData/scrap/install/pkg_collect_pointclouds/share/pkg_collect_pointclouds/package.xml
[0.769s] Invoked command in '/home/mines/mines_ws/captureData/scrap/build/pkg_collect_pointclouds' returned '0': CMAKE_PREFIX_PATH=${CMAKE_PREFIX_PATH}:/opt/ros/humble /usr/bin/cmake --install /home/mines/mines_ws/captureData/scrap/build/pkg_collect_pointclouds
