[0.000000] (-) TimerEvent: {}
[0.001514] (pkg_collect_pointclouds) JobQueued: {'identifier': 'pkg_collect_pointclouds', 'dependencies': OrderedDict()}
[0.002581] (pkg_collect_pointclouds) JobStarted: {'identifier': 'pkg_collect_pointclouds'}
[0.094058] (-) TimerEvent: {}
[0.195464] (-) TimerEvent: {}
[0.294472] (pkg_collect_pointclouds) JobProgress: {'identifier': 'pkg_collect_pointclouds', 'progress': 'cmake'}
[0.295577] (-) TimerEvent: {}
[0.382968] (pkg_collect_pointclouds) JobProgress: {'identifier': 'pkg_collect_pointclouds', 'progress': 'build'}
[0.401098] (pkg_collect_pointclouds) Command: {'cmd': ['/usr/bin/cmake', '--build', '/home/mines/mines_ws/captureData/scrap/build/pkg_collect_pointclouds', '--', '-j4', '-l4'], 'cwd': '/home/mines/mines_ws/captureData/scrap/build/pkg_collect_pointclouds', 'env': OrderedDict([('HOSTNAME', 'docker-desktop'), ('SHLVL', '1'), ('LD_LIBRARY_PATH', '/usr/lib/x86_64-linux-gnu/gazebo-11/plugins:/opt/ros/humble/opt/rviz_ogre_vendor/lib:/opt/ros/humble/lib/x86_64-linux-gnu:/opt/ros/humble/lib'), ('HOME', '/home/mines'), ('OLDPWD', '/home/mines/mines_ws/captureData/scrap/pkg_collect_pointclouds'), ('ROS_PYTHON_VERSION', '3'), ('COLCON_PREFIX_PATH', '/home/mines/mines_ws/captureData/scrap/install'), ('ROS_DISTRO', 'humble'), ('_', '/usr/bin/colcon'), ('ROS_VERSION', '2'), ('TERM', 'xterm'), ('ROS_LOCALHOST_ONLY', '0'), ('PATH', '/opt/ros/humble/bin:/usr/local/sbin:/usr/local/bin:/usr/sbin:/usr/bin:/sbin:/bin'), ('DISPLAY', 'host.docker.internal:0.0'), ('LANG', 'C.UTF-8'), ('ROS_DOMAIN_ID', '99'), ('AMENT_PREFIX_PATH', '/home/mines/mines_ws/captureData/scrap/install/pkg_collect_pointclouds:/opt/ros/humble'), ('PWD', '/home/mines/mines_ws/captureData/scrap/build/pkg_collect_pointclouds'), ('LC_ALL', 'C.UTF-8'), ('PYTHONPATH', '/opt/ros/humble/lib/python3.10/site-packages:/opt/ros/humble/local/lib/python3.10/dist-packages'), ('COLCON', '1'), ('CMAKE_PREFIX_PATH', '/home/mines/mines_ws/captureData/scrap/install/pkg_collect_pointclouds:/opt/ros/humble')]), 'shell': False}
[0.431332] (-) TimerEvent: {}
[0.534333] (-) TimerEvent: {}
[0.638665] (-) TimerEvent: {}
[0.744790] (-) TimerEvent: {}
[0.768824] (pkg_collect_pointclouds) CommandEnded: {'returncode': 0}
[0.845221] (-) TimerEvent: {}
[0.882146] (pkg_collect_pointclouds) JobProgress: {'identifier': 'pkg_collect_pointclouds', 'progress': 'install'}
[0.914842] (pkg_collect_pointclouds) Command: {'cmd': ['/usr/bin/cmake', '--install', '/home/mines/mines_ws/captureData/scrap/build/pkg_collect_pointclouds'], 'cwd': '/home/mines/mines_ws/captureData/scrap/build/pkg_collect_pointclouds', 'env': OrderedDict([('HOSTNAME', 'docker-desktop'), ('SHLVL', '1'), ('LD_LIBRARY_PATH', '/usr/lib/x86_64-linux-gnu/gazebo-11/plugins:/opt/ros/humble/opt/rviz_ogre_vendor/lib:/opt/ros/humble/lib/x86_64-linux-gnu:/opt/ros/humble/lib'), ('HOME', '/home/mines'), ('OLDPWD', '/home/mines/mines_ws/captureData/scrap/pkg_collect_pointclouds'), ('ROS_PYTHON_VERSION', '3'), ('COLCON_PREFIX_PATH', '/home/mines/mines_ws/captureData/scrap/install'), ('ROS_DISTRO', 'humble'), ('_', '/usr/bin/colcon'), ('ROS_VERSION', '2'), ('TERM', 'xterm'), ('ROS_LOCALHOST_ONLY', '0'), ('PATH', '/opt/ros/humble/bin:/usr/local/sbin:/usr/local/bin:/usr/sbin:/usr/bin:/sbin:/bin'), ('DISPLAY', 'host.docker.internal:0.0'), ('LANG', 'C.UTF-8'), ('ROS_DOMAIN_ID', '99'), ('AMENT_PREFIX_PATH', '/home/mines/mines_ws/captureData/scrap/install/pkg_collect_pointclouds:/opt/ros/humble'), ('PWD', '/home/mines/mines_ws/captureData/scrap/build/pkg_collect_pointclouds'), ('LC_ALL', 'C.UTF-8'), ('PYTHONPATH', '/opt/ros/humble/lib/python3.10/site-packages:/opt/ros/humble/local/lib/python3.10/dist-packages'), ('COLCON', '1'), ('CMAKE_PREFIX_PATH', '/home/mines/mines_ws/captureData/scrap/install/pkg_collect_pointclouds:/opt/ros/humble')]), 'shell': False}
[0.946099] (-) TimerEvent: {}
[0.984985] (pkg_collect_pointclouds) StdoutLine: {'line': b'-- Install configuration: ""\n'}
[1.046910] (-) TimerEvent: {}
[1.094270] (pkg_collect_pointclouds) StdoutLine: {'line': b'-- Up-to-date: /home/mines/mines_ws/captureData/scrap/install/pkg_collect_pointclouds/share/ament_index/resource_index/package_run_dependencies/pkg_collect_pointclouds\n'}
[1.147101] (-) TimerEvent: {}
[1.163915] (pkg_collect_pointclouds) StdoutLine: {'line': b'-- Up-to-date: /home/mines/mines_ws/captureData/scrap/install/pkg_collect_pointclouds/share/ament_index/resource_index/parent_prefix_path/pkg_collect_pointclouds\n'}
[1.240037] (pkg_collect_pointclouds) StdoutLine: {'line': b'-- Up-to-date: /home/mines/mines_ws/captureData/scrap/install/pkg_collect_pointclouds/share/pkg_collect_pointclouds/environment/ament_prefix_path.sh\n'}
[1.247250] (-) TimerEvent: {}
[1.336452] (pkg_collect_pointclouds) StdoutLine: {'line': b'-- Up-to-date: /home/mines/mines_ws/captureData/scrap/install/pkg_collect_pointclouds/share/pkg_collect_pointclouds/environment/ament_prefix_path.dsv\n'}
[1.353677] (-) TimerEvent: {}
[1.368294] (pkg_collect_pointclouds) StdoutLine: {'line': b'-- Up-to-date: /home/mines/mines_ws/captureData/scrap/install/pkg_collect_pointclouds/share/pkg_collect_pointclouds/environment/path.sh\n'}
[1.454756] (-) TimerEvent: {}
[1.517996] (pkg_collect_pointclouds) StdoutLine: {'line': b'-- Up-to-date: /home/mines/mines_ws/captureData/scrap/install/pkg_collect_pointclouds/share/pkg_collect_pointclouds/environment/path.dsv\n'}
[1.554911] (-) TimerEvent: {}
[1.613166] (pkg_collect_pointclouds) StdoutLine: {'line': b'-- Up-to-date: /home/mines/mines_ws/captureData/scrap/install/pkg_collect_pointclouds/share/pkg_collect_pointclouds/local_setup.bash\n'}
[1.653060] (pkg_collect_pointclouds) StdoutLine: {'line': b'-- Up-to-date: /home/mines/mines_ws/captureData/scrap/install/pkg_collect_pointclouds/share/pkg_collect_pointclouds/local_setup.sh\n'}
[1.655001] (-) TimerEvent: {}
[1.756419] (-) TimerEvent: {}
[1.827173] (pkg_collect_pointclouds) StdoutLine: {'line': b'-- Up-to-date: /home/mines/mines_ws/captureData/scrap/install/pkg_collect_pointclouds/share/pkg_collect_pointclouds/local_setup.zsh\n'}
[1.856932] (-) TimerEvent: {}
[1.865983] (pkg_collect_pointclouds) StdoutLine: {'line': b'-- Up-to-date: /home/mines/mines_ws/captureData/scrap/install/pkg_collect_pointclouds/share/pkg_collect_pointclouds/local_setup.dsv\n'}
[1.921597] (pkg_collect_pointclouds) StdoutLine: {'line': b'-- Installing: /home/mines/mines_ws/captureData/scrap/install/pkg_collect_pointclouds/share/pkg_collect_pointclouds/package.dsv\n'}
[1.957044] (-) TimerEvent: {}
[2.057857] (-) TimerEvent: {}
[2.108347] (pkg_collect_pointclouds) StdoutLine: {'line': b'-- Up-to-date: /home/mines/mines_ws/captureData/scrap/install/pkg_collect_pointclouds/share/ament_index/resource_index/packages/pkg_collect_pointclouds\n'}
[2.144103] (pkg_collect_pointclouds) StdoutLine: {'line': b'-- Up-to-date: /home/mines/mines_ws/captureData/scrap/install/pkg_collect_pointclouds/share/pkg_collect_pointclouds/cmake/pkg_collect_pointcloudsConfig.cmake\n'}
[2.157998] (-) TimerEvent: {}
[2.159960] (pkg_collect_pointclouds) StdoutLine: {'line': b'-- Up-to-date: /home/mines/mines_ws/captureData/scrap/install/pkg_collect_pointclouds/share/pkg_collect_pointclouds/cmake/pkg_collect_pointcloudsConfig-version.cmake\n'}
[2.180731] (pkg_collect_pointclouds) StdoutLine: {'line': b'-- Up-to-date: /home/mines/mines_ws/captureData/scrap/install/pkg_collect_pointclouds/share/pkg_collect_pointclouds/package.xml\n'}
[2.197164] (pkg_collect_pointclouds) CommandEnded: {'returncode': 0}
[2.259566] (-) TimerEvent: {}
[2.360722] (-) TimerEvent: {}
[2.463189] (-) TimerEvent: {}
[2.568961] (-) TimerEvent: {}
[2.674976] (-) TimerEvent: {}
[2.777115] (-) TimerEvent: {}
[2.878194] (-) TimerEvent: {}
[2.978948] (-) TimerEvent: {}
[3.092757] (-) TimerEvent: {}
[3.197601] (-) TimerEvent: {}
[3.316618] (-) TimerEvent: {}
[3.432406] (-) TimerEvent: {}
[3.533051] (-) TimerEvent: {}
[3.643065] (-) TimerEvent: {}
[3.747655] (-) TimerEvent: {}
[3.855428] (-) TimerEvent: {}
[3.956384] (-) TimerEvent: {}
[4.062752] (-) TimerEvent: {}
[4.174403] (-) TimerEvent: {}
[4.274960] (-) TimerEvent: {}
[4.326996] (pkg_collect_pointclouds) JobEnded: {'identifier': 'pkg_collect_pointclouds', 'rc': 0}
[4.345386] (-) EventReactorShutdown: {}
