[1.367s] DEBUG:colcon:Command line arguments: ['/usr/bin/colcon', 'build']
[1.371s] DEBUG:colcon:Parsed command line arguments: Namespace(log_base=None, log_level=None, verb_name='build', build_base='build', install_base='install', merge_install=False, symlink_install=False, test_result_base=None, continue_on_error=False, executor='parallel', parallel_workers=4, event_handlers=None, ignore_user_meta=False, metas=['./colcon.meta'], base_paths=['.'], packages_ignore=None, packages_ignore_regex=None, paths=None, packages_up_to=None, packages_up_to_regex=None, packages_above=None, packages_above_and_dependencies=None, packages_above_depth=None, packages_select_by_dep=None, packages_skip_by_dep=None, packages_skip_up_to=None, packages_select_build_failed=False, packages_skip_build_finished=False, packages_select_test_failures=False, packages_skip_test_passed=False, packages_select=None, packages_skip=None, packages_select_regex=None, packages_skip_regex=None, packages_start=None, packages_end=None, cmake_args=None, cmake_target=None, cmake_target_skip_unavailable=False, cmake_clean_cache=False, cmake_clean_first=False, cmake_force_configure=False, ament_cmake_args=None, catkin_cmake_args=None, catkin_skip_building_tests=False, mixin_files=None, mixin=None, verb_parser=<colcon_mixin.mixin.mixin_argument.MixinArgumentDecorator object at 0x7fa4d8185270>, verb_extension=<colcon_core.verb.build.BuildVerb object at 0x7fa4d8945960>, main=<bound method BuildVerb.main of <colcon_core.verb.build.BuildVerb object at 0x7fa4d8945960>>, mixin_verb=('build',))
[1.519s] Level 1:colcon.colcon_core.package_discovery:discover_packages(colcon_meta) check parameters
[1.520s] Level 1:colcon.colcon_core.package_discovery:discover_packages(recursive) check parameters
[1.520s] Level 1:colcon.colcon_core.package_discovery:discover_packages(ignore) check parameters
[1.522s] Level 1:colcon.colcon_core.package_discovery:discover_packages(path) check parameters
[1.522s] Level 1:colcon.colcon_core.package_discovery:discover_packages(colcon_meta) discover
[1.523s] Level 1:colcon.colcon_core.package_discovery:discover_packages(recursive) discover
[1.524s] INFO:colcon.colcon_core.package_discovery:Crawling recursively for packages in '/home/mines/mines_ws/captureData/scrap'
[1.526s] Level 1:colcon.colcon_core.package_identification:_identify(.) by extensions ['ignore', 'ignore_ament_install']
[1.527s] Level 1:colcon.colcon_core.package_identification:_identify(.) by extension 'ignore'
[1.528s] Level 1:colcon.colcon_core.package_identification:_identify(.) by extension 'ignore_ament_install'
[1.529s] Level 1:colcon.colcon_core.package_identification:_identify(.) by extensions ['colcon_pkg']
[1.529s] Level 1:colcon.colcon_core.package_identification:_identify(.) by extension 'colcon_pkg'
[1.530s] Level 1:colcon.colcon_core.package_identification:_identify(.) by extensions ['colcon_meta']
[1.530s] Level 1:colcon.colcon_core.package_identification:_identify(.) by extension 'colcon_meta'
[1.531s] Level 1:colcon.colcon_core.package_identification:_identify(.) by extensions ['ros']
[1.531s] Level 1:colcon.colcon_core.package_identification:_identify(.) by extension 'ros'
[1.558s] Level 1:colcon.colcon_core.package_identification:_identify(.) by extensions ['cmake', 'python']
[1.559s] Level 1:colcon.colcon_core.package_identification:_identify(.) by extension 'cmake'
[1.559s] Level 1:colcon.colcon_core.package_identification:_identify(.) by extension 'python'
[1.560s] Level 1:colcon.colcon_core.package_identification:_identify(.) by extensions ['python_setup_py']
[1.560s] Level 1:colcon.colcon_core.package_identification:_identify(.) by extension 'python_setup_py'
[1.565s] Level 1:colcon.colcon_core.package_identification:_identify(build) by extensions ['ignore', 'ignore_ament_install']
[1.566s] Level 1:colcon.colcon_core.package_identification:_identify(build) by extension 'ignore'
[1.569s] Level 1:colcon.colcon_core.package_identification:_identify(build) ignored
[1.572s] Level 1:colcon.colcon_core.package_identification:_identify(install) by extensions ['ignore', 'ignore_ament_install']
[1.572s] Level 1:colcon.colcon_core.package_identification:_identify(install) by extension 'ignore'
[1.574s] Level 1:colcon.colcon_core.package_identification:_identify(install) ignored
[1.578s] Level 1:colcon.colcon_core.package_identification:_identify(log) by extensions ['ignore', 'ignore_ament_install']
[1.579s] Level 1:colcon.colcon_core.package_identification:_identify(log) by extension 'ignore'
[1.580s] Level 1:colcon.colcon_core.package_identification:_identify(log) ignored
[1.609s] Level 1:colcon.colcon_core.package_identification:_identify(pkg_collect_pointclouds) by extensions ['ignore', 'ignore_ament_install']
[1.611s] Level 1:colcon.colcon_core.package_identification:_identify(pkg_collect_pointclouds) by extension 'ignore'
[1.632s] Level 1:colcon.colcon_core.package_identification:_identify(pkg_collect_pointclouds) by extension 'ignore_ament_install'
[1.655s] Level 1:colcon.colcon_core.package_identification:_identify(pkg_collect_pointclouds) by extensions ['colcon_pkg']
[1.660s] Level 1:colcon.colcon_core.package_identification:_identify(pkg_collect_pointclouds) by extension 'colcon_pkg'
[1.675s] Level 1:colcon.colcon_core.package_identification:_identify(pkg_collect_pointclouds) by extensions ['colcon_meta']
[1.676s] Level 1:colcon.colcon_core.package_identification:_identify(pkg_collect_pointclouds) by extension 'colcon_meta'
[1.691s] Level 1:colcon.colcon_core.package_identification:_identify(pkg_collect_pointclouds) by extensions ['ros']
[1.698s] Level 1:colcon.colcon_core.package_identification:_identify(pkg_collect_pointclouds) by extension 'ros'
[1.721s] DEBUG:colcon.colcon_core.package_identification:Package 'pkg_collect_pointclouds' with type 'ros.ament_cmake' and name 'pkg_collect_pointclouds'
[1.722s] Level 1:colcon.colcon_core.package_discovery:discover_packages(recursive) using defaults
[1.722s] Level 1:colcon.colcon_core.package_discovery:discover_packages(ignore) discover
[1.722s] Level 1:colcon.colcon_core.package_discovery:discover_packages(ignore) using defaults
[1.723s] Level 1:colcon.colcon_core.package_discovery:discover_packages(path) discover
[1.724s] Level 1:colcon.colcon_core.package_discovery:discover_packages(path) using defaults
[1.817s] Level 5:colcon.colcon_core.verb:set package 'pkg_collect_pointclouds' build argument 'cmake_args' from command line to 'None'
[1.818s] Level 5:colcon.colcon_core.verb:set package 'pkg_collect_pointclouds' build argument 'cmake_target' from command line to 'None'
[1.818s] Level 5:colcon.colcon_core.verb:set package 'pkg_collect_pointclouds' build argument 'cmake_target_skip_unavailable' from command line to 'False'
[1.819s] Level 5:colcon.colcon_core.verb:set package 'pkg_collect_pointclouds' build argument 'cmake_clean_cache' from command line to 'False'
[1.819s] Level 5:colcon.colcon_core.verb:set package 'pkg_collect_pointclouds' build argument 'cmake_clean_first' from command line to 'False'
[1.820s] Level 5:colcon.colcon_core.verb:set package 'pkg_collect_pointclouds' build argument 'cmake_force_configure' from command line to 'False'
[1.820s] Level 5:colcon.colcon_core.verb:set package 'pkg_collect_pointclouds' build argument 'ament_cmake_args' from command line to 'None'
[1.821s] Level 5:colcon.colcon_core.verb:set package 'pkg_collect_pointclouds' build argument 'catkin_cmake_args' from command line to 'None'
[1.821s] Level 5:colcon.colcon_core.verb:set package 'pkg_collect_pointclouds' build argument 'catkin_skip_building_tests' from command line to 'False'
[1.822s] DEBUG:colcon.colcon_core.verb:Building package 'pkg_collect_pointclouds' with the following arguments: {'ament_cmake_args': None, 'build_base': '/home/mines/mines_ws/captureData/scrap/build/pkg_collect_pointclouds', 'catkin_cmake_args': None, 'catkin_skip_building_tests': False, 'cmake_args': None, 'cmake_clean_cache': False, 'cmake_clean_first': False, 'cmake_force_configure': False, 'cmake_target': None, 'cmake_target_skip_unavailable': False, 'install_base': '/home/mines/mines_ws/captureData/scrap/install/pkg_collect_pointclouds', 'merge_install': False, 'path': '/home/mines/mines_ws/captureData/scrap/pkg_collect_pointclouds', 'symlink_install': False, 'test_result_base': None}
[1.824s] INFO:colcon.colcon_core.executor:Executing jobs using 'parallel' executor
[1.842s] DEBUG:colcon.colcon_parallel_executor.executor.parallel:run_until_complete
[1.849s] INFO:colcon.colcon_ros.task.ament_cmake.build:Building ROS package in '/home/mines/mines_ws/captureData/scrap/pkg_collect_pointclouds' with build type 'ament_cmake'
[1.849s] INFO:colcon.colcon_cmake.task.cmake.build:Building CMake package in '/home/mines/mines_ws/captureData/scrap/pkg_collect_pointclouds'
[1.858s] INFO:colcon.colcon_core.plugin_system:Skipping extension 'colcon_core.shell.bat': Not used on non-Windows systems
[1.859s] INFO:colcon.colcon_core.shell:Skip shell extension 'powershell' for command environment: Not usable outside of PowerShell
[1.859s] DEBUG:colcon.colcon_core.shell:Skip shell extension 'dsv' for command environment
[2.171s] DEBUG:colcon.colcon_core.event_handler.log_command:Invoking command in '/home/mines/mines_ws/captureData/scrap/build/pkg_collect_pointclouds': CMAKE_PREFIX_PATH=${CMAKE_PREFIX_PATH}:/opt/ros/humble /usr/bin/cmake --build /home/mines/mines_ws/captureData/scrap/build/pkg_collect_pointclouds -- -j4 -l4
[2.617s] DEBUG:colcon.colcon_core.event_handler.log_command:Invoked command in '/home/mines/mines_ws/captureData/scrap/build/pkg_collect_pointclouds' returned '0': CMAKE_PREFIX_PATH=${CMAKE_PREFIX_PATH}:/opt/ros/humble /usr/bin/cmake --build /home/mines/mines_ws/captureData/scrap/build/pkg_collect_pointclouds -- -j4 -l4
[2.987s] DEBUG:colcon.colcon_core.event_handler.log_command:Invoking command in '/home/mines/mines_ws/captureData/scrap/build/pkg_collect_pointclouds': CMAKE_PREFIX_PATH=${CMAKE_PREFIX_PATH}:/opt/ros/humble /usr/bin/cmake --install /home/mines/mines_ws/captureData/scrap/build/pkg_collect_pointclouds
[4.041s] Level 1:colcon.colcon_core.environment:create_environment_scripts_only(pkg_collect_pointclouds)
[4.043s] DEBUG:colcon.colcon_core.event_handler.log_command:Invoked command in '/home/mines/mines_ws/captureData/scrap/build/pkg_collect_pointclouds' returned '0': CMAKE_PREFIX_PATH=${CMAKE_PREFIX_PATH}:/opt/ros/humble /usr/bin/cmake --install /home/mines/mines_ws/captureData/scrap/build/pkg_collect_pointclouds
[4.049s] Level 1:colcon.colcon_core.environment:checking '/home/mines/mines_ws/captureData/scrap/install/pkg_collect_pointclouds' for CMake module files
[4.348s] Level 1:colcon.colcon_core.environment:checking '/home/mines/mines_ws/captureData/scrap/install/pkg_collect_pointclouds' for CMake config files
[4.474s] Level 1:colcon.colcon_core.shell:create_environment_hook('pkg_collect_pointclouds', 'cmake_prefix_path')
[4.476s] INFO:colcon.colcon_core.shell:Creating environment hook '/home/mines/mines_ws/captureData/scrap/install/pkg_collect_pointclouds/share/pkg_collect_pointclouds/hook/cmake_prefix_path.ps1'
[4.505s] INFO:colcon.colcon_core.shell:Creating environment descriptor '/home/mines/mines_ws/captureData/scrap/install/pkg_collect_pointclouds/share/pkg_collect_pointclouds/hook/cmake_prefix_path.dsv'
[4.542s] INFO:colcon.colcon_core.shell:Creating environment hook '/home/mines/mines_ws/captureData/scrap/install/pkg_collect_pointclouds/share/pkg_collect_pointclouds/hook/cmake_prefix_path.sh'
[4.626s] Level 1:colcon.colcon_core.environment:checking '/home/mines/mines_ws/captureData/scrap/install/pkg_collect_pointclouds/bin'
[4.627s] Level 1:colcon.colcon_core.environment:checking '/home/mines/mines_ws/captureData/scrap/install/pkg_collect_pointclouds/lib/pkgconfig/pkg_collect_pointclouds.pc'
[4.647s] Level 1:colcon.colcon_core.environment:checking '/home/mines/mines_ws/captureData/scrap/install/pkg_collect_pointclouds/lib/python3.10/site-packages'
[4.648s] Level 1:colcon.colcon_core.environment:checking '/home/mines/mines_ws/captureData/scrap/install/pkg_collect_pointclouds/bin'
[4.683s] INFO:colcon.colcon_core.shell:Creating package script '/home/mines/mines_ws/captureData/scrap/install/pkg_collect_pointclouds/share/pkg_collect_pointclouds/package.ps1'
[4.701s] INFO:colcon.colcon_core.shell:Creating package descriptor '/home/mines/mines_ws/captureData/scrap/install/pkg_collect_pointclouds/share/pkg_collect_pointclouds/package.dsv'
[4.714s] INFO:colcon.colcon_core.shell:Creating package script '/home/mines/mines_ws/captureData/scrap/install/pkg_collect_pointclouds/share/pkg_collect_pointclouds/package.sh'
[4.739s] INFO:colcon.colcon_core.shell:Creating package script '/home/mines/mines_ws/captureData/scrap/install/pkg_collect_pointclouds/share/pkg_collect_pointclouds/package.bash'
[4.790s] INFO:colcon.colcon_core.shell:Creating package script '/home/mines/mines_ws/captureData/scrap/install/pkg_collect_pointclouds/share/pkg_collect_pointclouds/package.zsh'
[4.826s] Level 1:colcon.colcon_core.environment:create_file_with_runtime_dependencies(/home/mines/mines_ws/captureData/scrap/install/pkg_collect_pointclouds/share/colcon-core/packages/pkg_collect_pointclouds)
[5.096s] Level 1:colcon.colcon_core.environment:create_environment_scripts_only(pkg_collect_pointclouds)
[5.100s] Level 1:colcon.colcon_core.environment:checking '/home/mines/mines_ws/captureData/scrap/install/pkg_collect_pointclouds' for CMake module files
[5.452s] Level 1:colcon.colcon_core.environment:checking '/home/mines/mines_ws/captureData/scrap/install/pkg_collect_pointclouds' for CMake config files
[5.537s] Level 1:colcon.colcon_core.shell:create_environment_hook('pkg_collect_pointclouds', 'cmake_prefix_path')
[5.552s] INFO:colcon.colcon_core.shell:Creating environment hook '/home/mines/mines_ws/captureData/scrap/install/pkg_collect_pointclouds/share/pkg_collect_pointclouds/hook/cmake_prefix_path.ps1'
[5.617s] INFO:colcon.colcon_core.shell:Creating environment descriptor '/home/mines/mines_ws/captureData/scrap/install/pkg_collect_pointclouds/share/pkg_collect_pointclouds/hook/cmake_prefix_path.dsv'
[5.671s] INFO:colcon.colcon_core.shell:Creating environment hook '/home/mines/mines_ws/captureData/scrap/install/pkg_collect_pointclouds/share/pkg_collect_pointclouds/hook/cmake_prefix_path.sh'
[5.712s] Level 1:colcon.colcon_core.environment:checking '/home/mines/mines_ws/captureData/scrap/install/pkg_collect_pointclouds/bin'
[5.715s] Level 1:colcon.colcon_core.environment:checking '/home/mines/mines_ws/captureData/scrap/install/pkg_collect_pointclouds/lib/pkgconfig/pkg_collect_pointclouds.pc'
[5.722s] Level 1:colcon.colcon_core.environment:checking '/home/mines/mines_ws/captureData/scrap/install/pkg_collect_pointclouds/lib/python3.10/site-packages'
[5.725s] Level 1:colcon.colcon_core.environment:checking '/home/mines/mines_ws/captureData/scrap/install/pkg_collect_pointclouds/bin'
[5.728s] INFO:colcon.colcon_core.shell:Creating package script '/home/mines/mines_ws/captureData/scrap/install/pkg_collect_pointclouds/share/pkg_collect_pointclouds/package.ps1'
[5.760s] INFO:colcon.colcon_core.shell:Creating package descriptor '/home/mines/mines_ws/captureData/scrap/install/pkg_collect_pointclouds/share/pkg_collect_pointclouds/package.dsv'
[5.781s] INFO:colcon.colcon_core.shell:Creating package script '/home/mines/mines_ws/captureData/scrap/install/pkg_collect_pointclouds/share/pkg_collect_pointclouds/package.sh'
[5.809s] INFO:colcon.colcon_core.shell:Creating package script '/home/mines/mines_ws/captureData/scrap/install/pkg_collect_pointclouds/share/pkg_collect_pointclouds/package.bash'
[5.820s] INFO:colcon.colcon_core.shell:Creating package script '/home/mines/mines_ws/captureData/scrap/install/pkg_collect_pointclouds/share/pkg_collect_pointclouds/package.zsh'
[5.846s] Level 1:colcon.colcon_core.environment:create_file_with_runtime_dependencies(/home/mines/mines_ws/captureData/scrap/install/pkg_collect_pointclouds/share/colcon-core/packages/pkg_collect_pointclouds)
[5.889s] DEBUG:colcon.colcon_parallel_executor.executor.parallel:closing loop
[5.890s] DEBUG:colcon.colcon_parallel_executor.executor.parallel:loop closed
[5.890s] DEBUG:colcon.colcon_parallel_executor.executor.parallel:run_until_complete finished with '0'
[5.895s] DEBUG:colcon.colcon_core.event_reactor:joining thread
[5.952s] INFO:colcon.colcon_core.plugin_system:Skipping extension 'colcon_notification.desktop_notification.notify_send': Could not find 'notify-send'
[5.955s] INFO:colcon.colcon_core.plugin_system:Skipping extension 'colcon_notification.desktop_notification.terminal_notifier': Not used on non-Darwin systems
[5.956s] INFO:colcon.colcon_core.plugin_system:Skipping extension 'colcon_notification.desktop_notification.win32': Not used on non-Windows systems
[5.956s] INFO:colcon.colcon_notification.desktop_notification:Sending desktop notification using 'notify2'
[5.974s] DEBUG:colcon.colcon_notification.desktop_notification.notify2:Failed to initialize notify2: org.freedesktop.DBus.Error.Spawn.ExecFailed: /usr/bin/dbus-launch terminated abnormally without any error message
[5.975s] DEBUG:colcon.colcon_core.event_reactor:joined thread
[5.978s] INFO:colcon.colcon_core.shell:Creating prefix script '/home/mines/mines_ws/captureData/scrap/install/local_setup.ps1'
[5.994s] INFO:colcon.colcon_core.shell:Creating prefix util module '/home/mines/mines_ws/captureData/scrap/install/_local_setup_util_ps1.py'
[6.030s] INFO:colcon.colcon_core.shell:Creating prefix chain script '/home/mines/mines_ws/captureData/scrap/install/setup.ps1'
[6.072s] INFO:colcon.colcon_core.shell:Creating prefix script '/home/mines/mines_ws/captureData/scrap/install/local_setup.sh'
[6.080s] INFO:colcon.colcon_core.shell:Creating prefix util module '/home/mines/mines_ws/captureData/scrap/install/_local_setup_util_sh.py'
[6.087s] INFO:colcon.colcon_core.shell:Creating prefix chain script '/home/mines/mines_ws/captureData/scrap/install/setup.sh'
[6.125s] INFO:colcon.colcon_core.shell:Creating prefix script '/home/mines/mines_ws/captureData/scrap/install/local_setup.bash'
[6.184s] INFO:colcon.colcon_core.shell:Creating prefix chain script '/home/mines/mines_ws/captureData/scrap/install/setup.bash'
[6.276s] INFO:colcon.colcon_core.shell:Creating prefix script '/home/mines/mines_ws/captureData/scrap/install/local_setup.zsh'
[6.296s] INFO:colcon.colcon_core.shell:Creating prefix chain script '/home/mines/mines_ws/captureData/scrap/install/setup.zsh'
