[0.353s] Invoking command in '/home/mines/mines_ws/captureData/scrap/build/pkg_collect_pointclouds': CMAKE_PREFIX_PATH=/opt/ros/humble /usr/bin/cmake --build /home/mines/mines_ws/captureData/scrap/build/pkg_collect_pointclouds -- -j4 -l4
[1.478s] Invoked command in '/home/mines/mines_ws/captureData/scrap/build/pkg_collect_pointclouds' returned '0': CMAKE_PREFIX_PATH=/opt/ros/humble /usr/bin/cmake --build /home/mines/mines_ws/captureData/scrap/build/pkg_collect_pointclouds -- -j4 -l4
[1.527s] Invoking command in '/home/mines/mines_ws/captureData/scrap/build/pkg_collect_pointclouds': CMAKE_PREFIX_PATH=/opt/ros/humble /usr/bin/cmake --install /home/mines/mines_ws/captureData/scrap/build/pkg_collect_pointclouds
[1.591s] -- Install configuration: ""
[1.615s] -- Up-to-date: /home/mines/mines_ws/captureData/scrap/install/pkg_collect_pointclouds/share/ament_index/resource_index/package_run_dependencies/pkg_collect_pointclouds
[1.645s] -- Up-to-date: /home/mines/mines_ws/captureData/scrap/install/pkg_collect_pointclouds/share/ament_index/resource_index/parent_prefix_path/pkg_collect_pointclouds
[1.660s] -- Up-to-date: /home/mines/mines_ws/captureData/scrap/install/pkg_collect_pointclouds/share/pkg_collect_pointclouds/environment/ament_prefix_path.sh
[1.679s] -- Up-to-date: /home/mines/mines_ws/captureData/scrap/install/pkg_collect_pointclouds/share/pkg_collect_pointclouds/environment/ament_prefix_path.dsv
[1.693s] -- Up-to-date: /home/mines/mines_ws/captureData/scrap/install/pkg_collect_pointclouds/share/pkg_collect_pointclouds/environment/path.sh
[1.712s] -- Up-to-date: /home/mines/mines_ws/captureData/scrap/install/pkg_collect_pointclouds/share/pkg_collect_pointclouds/environment/path.dsv
[1.730s] -- Up-to-date: /home/mines/mines_ws/captureData/scrap/install/pkg_collect_pointclouds/share/pkg_collect_pointclouds/local_setup.bash
[1.746s] -- Up-to-date: /home/mines/mines_ws/captureData/scrap/install/pkg_collect_pointclouds/share/pkg_collect_pointclouds/local_setup.sh
[1.763s] -- Up-to-date: /home/mines/mines_ws/captureData/scrap/install/pkg_collect_pointclouds/share/pkg_collect_pointclouds/local_setup.zsh
[1.779s] -- Up-to-date: /home/mines/mines_ws/captureData/scrap/install/pkg_collect_pointclouds/share/pkg_collect_pointclouds/local_setup.dsv
[1.794s] -- Installing: /home/mines/mines_ws/captureData/scrap/install/pkg_collect_pointclouds/share/pkg_collect_pointclouds/package.dsv
[1.868s] -- Up-to-date: /home/mines/mines_ws/captureData/scrap/install/pkg_collect_pointclouds/share/ament_index/resource_index/packages/pkg_collect_pointclouds
[1.887s] -- Up-to-date: /home/mines/mines_ws/captureData/scrap/install/pkg_collect_pointclouds/share/pkg_collect_pointclouds/cmake/pkg_collect_pointcloudsConfig.cmake
[1.901s] -- Up-to-date: /home/mines/mines_ws/captureData/scrap/install/pkg_collect_pointclouds/share/pkg_collect_pointclouds/cmake/pkg_collect_pointcloudsConfig-version.cmake
[1.918s] -- Up-to-date: /home/mines/mines_ws/captureData/scrap/install/pkg_collect_pointclouds/share/pkg_collect_pointclouds/package.xml
[1.928s] Invoked command in '/home/mines/mines_ws/captureData/scrap/build/pkg_collect_pointclouds' returned '0': CMAKE_PREFIX_PATH=/opt/ros/humble /usr/bin/cmake --install /home/mines/mines_ws/captureData/scrap/build/pkg_collect_pointclouds
