[1.156s] DEBUG:colcon:Command line arguments: ['/usr/bin/colcon', 'build']
[1.159s] DEBUG:colcon:Parsed command line arguments: Namespace(log_base=None, log_level=None, verb_name='build', build_base='build', install_base='install', merge_install=False, symlink_install=False, test_result_base=None, continue_on_error=False, executor='parallel', parallel_workers=4, event_handlers=None, ignore_user_meta=False, metas=['./colcon.meta'], base_paths=['.'], packages_ignore=None, packages_ignore_regex=None, paths=None, packages_up_to=None, packages_up_to_regex=None, packages_above=None, packages_above_and_dependencies=None, packages_above_depth=None, packages_select_by_dep=None, packages_skip_by_dep=None, packages_skip_up_to=None, packages_select_build_failed=False, packages_skip_build_finished=False, packages_select_test_failures=False, packages_skip_test_passed=False, packages_select=None, packages_skip=None, packages_select_regex=None, packages_skip_regex=None, packages_start=None, packages_end=None, cmake_args=None, cmake_target=None, cmake_target_skip_unavailable=False, cmake_clean_cache=False, cmake_clean_first=False, cmake_force_configure=False, ament_cmake_args=None, catkin_cmake_args=None, catkin_skip_building_tests=False, mixin_files=None, mixin=None, verb_parser=<colcon_mixin.mixin.mixin_argument.MixinArgumentDecorator object at 0x7fdffa24d510>, verb_extension=<colcon_core.verb.build.BuildVerb object at 0x7fdffaa119f0>, main=<bound method BuildVerb.main of <colcon_core.verb.build.BuildVerb object at 0x7fdffaa119f0>>, mixin_verb=('build',))
[1.361s] Level 1:colcon.colcon_core.package_discovery:discover_packages(colcon_meta) check parameters
[1.369s] Level 1:colcon.colcon_core.package_discovery:discover_packages(recursive) check parameters
[1.369s] Level 1:colcon.colcon_core.package_discovery:discover_packages(ignore) check parameters
[1.369s] Level 1:colcon.colcon_core.package_discovery:discover_packages(path) check parameters
[1.370s] Level 1:colcon.colcon_core.package_discovery:discover_packages(colcon_meta) discover
[1.370s] Level 1:colcon.colcon_core.package_discovery:discover_packages(recursive) discover
[1.370s] INFO:colcon.colcon_core.package_discovery:Crawling recursively for packages in '/home/mines/mines_ws/captureData/scrap'
[1.372s] Level 1:colcon.colcon_core.package_identification:_identify(.) by extensions ['ignore', 'ignore_ament_install']
[1.372s] Level 1:colcon.colcon_core.package_identification:_identify(.) by extension 'ignore'
[1.373s] Level 1:colcon.colcon_core.package_identification:_identify(.) by extension 'ignore_ament_install'
[1.373s] Level 1:colcon.colcon_core.package_identification:_identify(.) by extensions ['colcon_pkg']
[1.373s] Level 1:colcon.colcon_core.package_identification:_identify(.) by extension 'colcon_pkg'
[1.374s] Level 1:colcon.colcon_core.package_identification:_identify(.) by extensions ['colcon_meta']
[1.374s] Level 1:colcon.colcon_core.package_identification:_identify(.) by extension 'colcon_meta'
[1.374s] Level 1:colcon.colcon_core.package_identification:_identify(.) by extensions ['ros']
[1.374s] Level 1:colcon.colcon_core.package_identification:_identify(.) by extension 'ros'
[1.432s] Level 1:colcon.colcon_core.package_identification:_identify(.) by extensions ['cmake', 'python']
[1.432s] Level 1:colcon.colcon_core.package_identification:_identify(.) by extension 'cmake'
[1.441s] Level 1:colcon.colcon_core.package_identification:_identify(.) by extension 'python'
[1.443s] Level 1:colcon.colcon_core.package_identification:_identify(.) by extensions ['python_setup_py']
[1.443s] Level 1:colcon.colcon_core.package_identification:_identify(.) by extension 'python_setup_py'
[1.457s] Level 1:colcon.colcon_core.package_identification:_identify(build) by extensions ['ignore', 'ignore_ament_install']
[1.461s] Level 1:colcon.colcon_core.package_identification:_identify(build) by extension 'ignore'
[1.465s] Level 1:colcon.colcon_core.package_identification:_identify(build) ignored
[1.468s] Level 1:colcon.colcon_core.package_identification:_identify(install) by extensions ['ignore', 'ignore_ament_install']
[1.469s] Level 1:colcon.colcon_core.package_identification:_identify(install) by extension 'ignore'
[1.480s] Level 1:colcon.colcon_core.package_identification:_identify(install) ignored
[1.490s] Level 1:colcon.colcon_core.package_identification:_identify(log) by extensions ['ignore', 'ignore_ament_install']
[1.491s] Level 1:colcon.colcon_core.package_identification:_identify(log) by extension 'ignore'
[1.493s] Level 1:colcon.colcon_core.package_identification:_identify(log) ignored
[1.496s] Level 1:colcon.colcon_core.package_identification:_identify(pkg_collect_pointclouds) by extensions ['ignore', 'ignore_ament_install']
[1.497s] Level 1:colcon.colcon_core.package_identification:_identify(pkg_collect_pointclouds) by extension 'ignore'
[1.498s] Level 1:colcon.colcon_core.package_identification:_identify(pkg_collect_pointclouds) by extension 'ignore_ament_install'
[1.501s] Level 1:colcon.colcon_core.package_identification:_identify(pkg_collect_pointclouds) by extensions ['colcon_pkg']
[1.501s] Level 1:colcon.colcon_core.package_identification:_identify(pkg_collect_pointclouds) by extension 'colcon_pkg'
[1.502s] Level 1:colcon.colcon_core.package_identification:_identify(pkg_collect_pointclouds) by extensions ['colcon_meta']
[1.503s] Level 1:colcon.colcon_core.package_identification:_identify(pkg_collect_pointclouds) by extension 'colcon_meta'
[1.504s] Level 1:colcon.colcon_core.package_identification:_identify(pkg_collect_pointclouds) by extensions ['ros']
[1.505s] Level 1:colcon.colcon_core.package_identification:_identify(pkg_collect_pointclouds) by extension 'ros'
[1.521s] DEBUG:colcon.colcon_core.package_identification:Package 'pkg_collect_pointclouds' with type 'ros.ament_cmake' and name 'pkg_collect_pointclouds'
[1.538s] Level 1:colcon.colcon_core.package_discovery:discover_packages(recursive) using defaults
[1.539s] Level 1:colcon.colcon_core.package_discovery:discover_packages(ignore) discover
[1.539s] Level 1:colcon.colcon_core.package_discovery:discover_packages(ignore) using defaults
[1.539s] Level 1:colcon.colcon_core.package_discovery:discover_packages(path) discover
[1.540s] Level 1:colcon.colcon_core.package_discovery:discover_packages(path) using defaults
[1.648s] Level 5:colcon.colcon_core.verb:set package 'pkg_collect_pointclouds' build argument 'cmake_args' from command line to 'None'
[1.648s] Level 5:colcon.colcon_core.verb:set package 'pkg_collect_pointclouds' build argument 'cmake_target' from command line to 'None'
[1.649s] Level 5:colcon.colcon_core.verb:set package 'pkg_collect_pointclouds' build argument 'cmake_target_skip_unavailable' from command line to 'False'
[1.649s] Level 5:colcon.colcon_core.verb:set package 'pkg_collect_pointclouds' build argument 'cmake_clean_cache' from command line to 'False'
[1.649s] Level 5:colcon.colcon_core.verb:set package 'pkg_collect_pointclouds' build argument 'cmake_clean_first' from command line to 'False'
[1.649s] Level 5:colcon.colcon_core.verb:set package 'pkg_collect_pointclouds' build argument 'cmake_force_configure' from command line to 'False'
[1.649s] Level 5:colcon.colcon_core.verb:set package 'pkg_collect_pointclouds' build argument 'ament_cmake_args' from command line to 'None'
[1.650s] Level 5:colcon.colcon_core.verb:set package 'pkg_collect_pointclouds' build argument 'catkin_cmake_args' from command line to 'None'
[1.650s] Level 5:colcon.colcon_core.verb:set package 'pkg_collect_pointclouds' build argument 'catkin_skip_building_tests' from command line to 'False'
[1.650s] DEBUG:colcon.colcon_core.verb:Building package 'pkg_collect_pointclouds' with the following arguments: {'ament_cmake_args': None, 'build_base': '/home/mines/mines_ws/captureData/scrap/build/pkg_collect_pointclouds', 'catkin_cmake_args': None, 'catkin_skip_building_tests': False, 'cmake_args': None, 'cmake_clean_cache': False, 'cmake_clean_first': False, 'cmake_force_configure': False, 'cmake_target': None, 'cmake_target_skip_unavailable': False, 'install_base': '/home/mines/mines_ws/captureData/scrap/install/pkg_collect_pointclouds', 'merge_install': False, 'path': '/home/mines/mines_ws/captureData/scrap/pkg_collect_pointclouds', 'symlink_install': False, 'test_result_base': None}
[1.651s] INFO:colcon.colcon_core.executor:Executing jobs using 'parallel' executor
[1.657s] DEBUG:colcon.colcon_parallel_executor.executor.parallel:run_until_complete
[1.661s] INFO:colcon.colcon_ros.task.ament_cmake.build:Building ROS package in '/home/mines/mines_ws/captureData/scrap/pkg_collect_pointclouds' with build type 'ament_cmake'
[1.663s] INFO:colcon.colcon_cmake.task.cmake.build:Building CMake package in '/home/mines/mines_ws/captureData/scrap/pkg_collect_pointclouds'
[1.673s] INFO:colcon.colcon_core.plugin_system:Skipping extension 'colcon_core.shell.bat': Not used on non-Windows systems
[1.680s] INFO:colcon.colcon_core.shell:Skip shell extension 'powershell' for command environment: Not usable outside of PowerShell
[1.681s] DEBUG:colcon.colcon_core.shell:Skip shell extension 'dsv' for command environment
[2.008s] DEBUG:colcon.colcon_core.event_handler.log_command:Invoking command in '/home/mines/mines_ws/captureData/scrap/build/pkg_collect_pointclouds': CMAKE_PREFIX_PATH=/opt/ros/humble /usr/bin/cmake /home/mines/mines_ws/captureData/scrap/pkg_collect_pointclouds -DCMAKE_INSTALL_PREFIX=/home/mines/mines_ws/captureData/scrap/install/pkg_collect_pointclouds
[14.009s] DEBUG:colcon.colcon_core.event_handler.log_command:Invoked command in '/home/mines/mines_ws/captureData/scrap/build/pkg_collect_pointclouds' returned '0': CMAKE_PREFIX_PATH=/opt/ros/humble /usr/bin/cmake /home/mines/mines_ws/captureData/scrap/pkg_collect_pointclouds -DCMAKE_INSTALL_PREFIX=/home/mines/mines_ws/captureData/scrap/install/pkg_collect_pointclouds
[14.027s] DEBUG:colcon.colcon_core.event_handler.log_command:Invoking command in '/home/mines/mines_ws/captureData/scrap/build/pkg_collect_pointclouds': CMAKE_PREFIX_PATH=/opt/ros/humble /usr/bin/cmake --build /home/mines/mines_ws/captureData/scrap/build/pkg_collect_pointclouds -- -j4 -l4
[14.582s] DEBUG:colcon.colcon_core.event_handler.log_command:Invoked command in '/home/mines/mines_ws/captureData/scrap/build/pkg_collect_pointclouds' returned '0': CMAKE_PREFIX_PATH=/opt/ros/humble /usr/bin/cmake --build /home/mines/mines_ws/captureData/scrap/build/pkg_collect_pointclouds -- -j4 -l4
[14.744s] DEBUG:colcon.colcon_core.event_handler.log_command:Invoking command in '/home/mines/mines_ws/captureData/scrap/build/pkg_collect_pointclouds': CMAKE_PREFIX_PATH=/opt/ros/humble /usr/bin/cmake --install /home/mines/mines_ws/captureData/scrap/build/pkg_collect_pointclouds
[18.293s] Level 1:colcon.colcon_core.environment:create_environment_scripts_only(pkg_collect_pointclouds)
[18.306s] DEBUG:colcon.colcon_core.event_handler.log_command:Invoked command in '/home/mines/mines_ws/captureData/scrap/build/pkg_collect_pointclouds' returned '0': CMAKE_PREFIX_PATH=/opt/ros/humble /usr/bin/cmake --install /home/mines/mines_ws/captureData/scrap/build/pkg_collect_pointclouds
[18.348s] Level 1:colcon.colcon_core.environment:checking '/home/mines/mines_ws/captureData/scrap/install/pkg_collect_pointclouds' for CMake module files
[18.442s] Level 1:colcon.colcon_core.environment:checking '/home/mines/mines_ws/captureData/scrap/install/pkg_collect_pointclouds' for CMake config files
[18.633s] Level 1:colcon.colcon_core.shell:create_environment_hook('pkg_collect_pointclouds', 'cmake_prefix_path')
[18.635s] INFO:colcon.colcon_core.shell:Creating environment hook '/home/mines/mines_ws/captureData/scrap/install/pkg_collect_pointclouds/share/pkg_collect_pointclouds/hook/cmake_prefix_path.ps1'
[18.655s] INFO:colcon.colcon_core.shell:Creating environment descriptor '/home/mines/mines_ws/captureData/scrap/install/pkg_collect_pointclouds/share/pkg_collect_pointclouds/hook/cmake_prefix_path.dsv'
[18.732s] INFO:colcon.colcon_core.shell:Creating environment hook '/home/mines/mines_ws/captureData/scrap/install/pkg_collect_pointclouds/share/pkg_collect_pointclouds/hook/cmake_prefix_path.sh'
[18.849s] Level 1:colcon.colcon_core.environment:checking '/home/mines/mines_ws/captureData/scrap/install/pkg_collect_pointclouds/bin'
[18.850s] Level 1:colcon.colcon_core.environment:checking '/home/mines/mines_ws/captureData/scrap/install/pkg_collect_pointclouds/lib/pkgconfig/pkg_collect_pointclouds.pc'
[18.866s] Level 1:colcon.colcon_core.environment:checking '/home/mines/mines_ws/captureData/scrap/install/pkg_collect_pointclouds/lib/python3.10/site-packages'
[18.870s] Level 1:colcon.colcon_core.environment:checking '/home/mines/mines_ws/captureData/scrap/install/pkg_collect_pointclouds/bin'
[18.885s] INFO:colcon.colcon_core.shell:Creating package script '/home/mines/mines_ws/captureData/scrap/install/pkg_collect_pointclouds/share/pkg_collect_pointclouds/package.ps1'
[18.963s] INFO:colcon.colcon_core.shell:Creating package descriptor '/home/mines/mines_ws/captureData/scrap/install/pkg_collect_pointclouds/share/pkg_collect_pointclouds/package.dsv'
[19.000s] INFO:colcon.colcon_core.shell:Creating package script '/home/mines/mines_ws/captureData/scrap/install/pkg_collect_pointclouds/share/pkg_collect_pointclouds/package.sh'
[19.049s] INFO:colcon.colcon_core.shell:Creating package script '/home/mines/mines_ws/captureData/scrap/install/pkg_collect_pointclouds/share/pkg_collect_pointclouds/package.bash'
[19.102s] INFO:colcon.colcon_core.shell:Creating package script '/home/mines/mines_ws/captureData/scrap/install/pkg_collect_pointclouds/share/pkg_collect_pointclouds/package.zsh'
[19.158s] Level 1:colcon.colcon_core.environment:create_file_with_runtime_dependencies(/home/mines/mines_ws/captureData/scrap/install/pkg_collect_pointclouds/share/colcon-core/packages/pkg_collect_pointclouds)
[19.621s] Level 1:colcon.colcon_core.environment:create_environment_scripts_only(pkg_collect_pointclouds)
[19.624s] Level 1:colcon.colcon_core.environment:checking '/home/mines/mines_ws/captureData/scrap/install/pkg_collect_pointclouds' for CMake module files
[19.927s] Level 1:colcon.colcon_core.environment:checking '/home/mines/mines_ws/captureData/scrap/install/pkg_collect_pointclouds' for CMake config files
[20.085s] Level 1:colcon.colcon_core.shell:create_environment_hook('pkg_collect_pointclouds', 'cmake_prefix_path')
[20.088s] INFO:colcon.colcon_core.shell:Creating environment hook '/home/mines/mines_ws/captureData/scrap/install/pkg_collect_pointclouds/share/pkg_collect_pointclouds/hook/cmake_prefix_path.ps1'
[20.108s] INFO:colcon.colcon_core.shell:Creating environment descriptor '/home/mines/mines_ws/captureData/scrap/install/pkg_collect_pointclouds/share/pkg_collect_pointclouds/hook/cmake_prefix_path.dsv'
[20.127s] INFO:colcon.colcon_core.shell:Creating environment hook '/home/mines/mines_ws/captureData/scrap/install/pkg_collect_pointclouds/share/pkg_collect_pointclouds/hook/cmake_prefix_path.sh'
[20.189s] Level 1:colcon.colcon_core.environment:checking '/home/mines/mines_ws/captureData/scrap/install/pkg_collect_pointclouds/bin'
[20.190s] Level 1:colcon.colcon_core.environment:checking '/home/mines/mines_ws/captureData/scrap/install/pkg_collect_pointclouds/lib/pkgconfig/pkg_collect_pointclouds.pc'
[20.192s] Level 1:colcon.colcon_core.environment:checking '/home/mines/mines_ws/captureData/scrap/install/pkg_collect_pointclouds/lib/python3.10/site-packages'
[20.194s] Level 1:colcon.colcon_core.environment:checking '/home/mines/mines_ws/captureData/scrap/install/pkg_collect_pointclouds/bin'
[20.197s] INFO:colcon.colcon_core.shell:Creating package script '/home/mines/mines_ws/captureData/scrap/install/pkg_collect_pointclouds/share/pkg_collect_pointclouds/package.ps1'
[20.226s] INFO:colcon.colcon_core.shell:Creating package descriptor '/home/mines/mines_ws/captureData/scrap/install/pkg_collect_pointclouds/share/pkg_collect_pointclouds/package.dsv'
[20.260s] INFO:colcon.colcon_core.shell:Creating package script '/home/mines/mines_ws/captureData/scrap/install/pkg_collect_pointclouds/share/pkg_collect_pointclouds/package.sh'
[20.368s] INFO:colcon.colcon_core.shell:Creating package script '/home/mines/mines_ws/captureData/scrap/install/pkg_collect_pointclouds/share/pkg_collect_pointclouds/package.bash'
[20.391s] INFO:colcon.colcon_core.shell:Creating package script '/home/mines/mines_ws/captureData/scrap/install/pkg_collect_pointclouds/share/pkg_collect_pointclouds/package.zsh'
[20.404s] Level 1:colcon.colcon_core.environment:create_file_with_runtime_dependencies(/home/mines/mines_ws/captureData/scrap/install/pkg_collect_pointclouds/share/colcon-core/packages/pkg_collect_pointclouds)
[20.413s] DEBUG:colcon.colcon_parallel_executor.executor.parallel:closing loop
[20.414s] DEBUG:colcon.colcon_parallel_executor.executor.parallel:loop closed
[20.414s] DEBUG:colcon.colcon_parallel_executor.executor.parallel:run_until_complete finished with '0'
[20.415s] DEBUG:colcon.colcon_core.event_reactor:joining thread
[20.447s] INFO:colcon.colcon_core.plugin_system:Skipping extension 'colcon_notification.desktop_notification.notify_send': Could not find 'notify-send'
[20.448s] INFO:colcon.colcon_core.plugin_system:Skipping extension 'colcon_notification.desktop_notification.terminal_notifier': Not used on non-Darwin systems
[20.448s] INFO:colcon.colcon_core.plugin_system:Skipping extension 'colcon_notification.desktop_notification.win32': Not used on non-Windows systems
[20.448s] INFO:colcon.colcon_notification.desktop_notification:Sending desktop notification using 'notify2'
[20.482s] DEBUG:colcon.colcon_notification.desktop_notification.notify2:Failed to initialize notify2: org.freedesktop.DBus.Error.Spawn.ExecFailed: /usr/bin/dbus-launch terminated abnormally without any error message
[20.488s] DEBUG:colcon.colcon_core.event_reactor:joined thread
[20.529s] INFO:colcon.colcon_core.shell:Creating prefix script '/home/mines/mines_ws/captureData/scrap/install/local_setup.ps1'
[20.573s] INFO:colcon.colcon_core.shell:Creating prefix util module '/home/mines/mines_ws/captureData/scrap/install/_local_setup_util_ps1.py'
[20.612s] INFO:colcon.colcon_core.shell:Creating prefix chain script '/home/mines/mines_ws/captureData/scrap/install/setup.ps1'
[20.630s] INFO:colcon.colcon_core.shell:Creating prefix script '/home/mines/mines_ws/captureData/scrap/install/local_setup.sh'
[20.644s] INFO:colcon.colcon_core.shell:Creating prefix util module '/home/mines/mines_ws/captureData/scrap/install/_local_setup_util_sh.py'
[20.653s] INFO:colcon.colcon_core.shell:Creating prefix chain script '/home/mines/mines_ws/captureData/scrap/install/setup.sh'
[20.673s] INFO:colcon.colcon_core.shell:Creating prefix script '/home/mines/mines_ws/captureData/scrap/install/local_setup.bash'
[20.704s] INFO:colcon.colcon_core.shell:Creating prefix chain script '/home/mines/mines_ws/captureData/scrap/install/setup.bash'
[20.743s] INFO:colcon.colcon_core.shell:Creating prefix script '/home/mines/mines_ws/captureData/scrap/install/local_setup.zsh'
[20.754s] INFO:colcon.colcon_core.shell:Creating prefix chain script '/home/mines/mines_ws/captureData/scrap/install/setup.zsh'
