[0.292s] Invoking command in '/home/mines/mines_ws/captureData/scrap/build/pkg_collect_pointclouds': CMAKE_PREFIX_PATH=/opt/ros/humble /usr/bin/cmake /home/mines/mines_ws/captureData/scrap/pkg_collect_pointclouds -DCMAKE_INSTALL_PREFIX=/home/mines/mines_ws/captureData/scrap/install/pkg_collect_pointclouds
[1.450s] -- The C compiler identification is GNU 11.4.0
[2.604s] -- The CXX compiler identification is GNU 11.4.0
[2.898s] -- Detecting C compiler ABI info
[4.766s] -- Detecting C compiler ABI info - done
[4.859s] -- Check for working C compiler: /usr/bin/cc - skipped
[4.861s] -- Detecting C compile features
[4.863s] -- Detecting C compile features - done
[5.035s] -- Detecting CXX compiler ABI info
[6.943s] -- Detecting CXX compiler ABI info - done
[7.028s] -- Check for working CXX compiler: /usr/bin/c++ - skipped
[7.029s] -- Detecting CXX compile features
[7.035s] -- Detecting CXX compile features - done
[7.211s] -- Found ament_cmake: 1.3.5 (/opt/ros/humble/share/ament_cmake/cmake)
[7.914s] -- Found Python3: /usr/bin/python3.10 (found version "3.10.12") found components: Interpreter 
[8.639s] -- Found ament_lint_auto: 0.12.7 (/opt/ros/humble/share/ament_lint_auto/cmake)
[10.047s] -- Added test 'lint_cmake' to check CMake code style
[10.747s] -- Added test 'xmllint' to check XML markup files
[11.094s] -- Configuring done
[12.041s] -- Generating done
[12.282s] -- Build files have been written to: /home/mines/mines_ws/captureData/scrap/build/pkg_collect_pointclouds
[12.293s] Invoked command in '/home/mines/mines_ws/captureData/scrap/build/pkg_collect_pointclouds' returned '0': CMAKE_PREFIX_PATH=/opt/ros/humble /usr/bin/cmake /home/mines/mines_ws/captureData/scrap/pkg_collect_pointclouds -DCMAKE_INSTALL_PREFIX=/home/mines/mines_ws/captureData/scrap/install/pkg_collect_pointclouds
[12.307s] Invoking command in '/home/mines/mines_ws/captureData/scrap/build/pkg_collect_pointclouds': CMAKE_PREFIX_PATH=/opt/ros/humble /usr/bin/cmake --build /home/mines/mines_ws/captureData/scrap/build/pkg_collect_pointclouds -- -j4 -l4
[12.867s] Invoked command in '/home/mines/mines_ws/captureData/scrap/build/pkg_collect_pointclouds' returned '0': CMAKE_PREFIX_PATH=/opt/ros/humble /usr/bin/cmake --build /home/mines/mines_ws/captureData/scrap/build/pkg_collect_pointclouds -- -j4 -l4
[13.018s] Invoking command in '/home/mines/mines_ws/captureData/scrap/build/pkg_collect_pointclouds': CMAKE_PREFIX_PATH=/opt/ros/humble /usr/bin/cmake --install /home/mines/mines_ws/captureData/scrap/build/pkg_collect_pointclouds
[13.130s] -- Install configuration: ""
[13.268s] -- Installing: /home/mines/mines_ws/captureData/scrap/install/pkg_collect_pointclouds/share/ament_index/resource_index/package_run_dependencies/pkg_collect_pointclouds
[13.565s] -- Installing: /home/mines/mines_ws/captureData/scrap/install/pkg_collect_pointclouds/share/ament_index/resource_index/parent_prefix_path/pkg_collect_pointclouds
[13.860s] -- Installing: /home/mines/mines_ws/captureData/scrap/install/pkg_collect_pointclouds/share/pkg_collect_pointclouds/environment/ament_prefix_path.sh
[14.041s] -- Installing: /home/mines/mines_ws/captureData/scrap/install/pkg_collect_pointclouds/share/pkg_collect_pointclouds/environment/ament_prefix_path.dsv
[14.213s] -- Installing: /home/mines/mines_ws/captureData/scrap/install/pkg_collect_pointclouds/share/pkg_collect_pointclouds/environment/path.sh
[14.301s] -- Installing: /home/mines/mines_ws/captureData/scrap/install/pkg_collect_pointclouds/share/pkg_collect_pointclouds/environment/path.dsv
[14.423s] -- Installing: /home/mines/mines_ws/captureData/scrap/install/pkg_collect_pointclouds/share/pkg_collect_pointclouds/local_setup.bash
[14.610s] -- Installing: /home/mines/mines_ws/captureData/scrap/install/pkg_collect_pointclouds/share/pkg_collect_pointclouds/local_setup.sh
[14.988s] -- Installing: /home/mines/mines_ws/captureData/scrap/install/pkg_collect_pointclouds/share/pkg_collect_pointclouds/local_setup.zsh
[15.249s] -- Installing: /home/mines/mines_ws/captureData/scrap/install/pkg_collect_pointclouds/share/pkg_collect_pointclouds/local_setup.dsv
[15.515s] -- Installing: /home/mines/mines_ws/captureData/scrap/install/pkg_collect_pointclouds/share/pkg_collect_pointclouds/package.dsv
[15.883s] -- Installing: /home/mines/mines_ws/captureData/scrap/install/pkg_collect_pointclouds/share/ament_index/resource_index/packages/pkg_collect_pointclouds
[16.078s] -- Installing: /home/mines/mines_ws/captureData/scrap/install/pkg_collect_pointclouds/share/pkg_collect_pointclouds/cmake/pkg_collect_pointcloudsConfig.cmake
[16.302s] -- Installing: /home/mines/mines_ws/captureData/scrap/install/pkg_collect_pointclouds/share/pkg_collect_pointclouds/cmake/pkg_collect_pointcloudsConfig-version.cmake
[16.510s] -- Installing: /home/mines/mines_ws/captureData/scrap/install/pkg_collect_pointclouds/share/pkg_collect_pointclouds/package.xml
[16.591s] Invoked command in '/home/mines/mines_ws/captureData/scrap/build/pkg_collect_pointclouds' returned '0': CMAKE_PREFIX_PATH=/opt/ros/humble /usr/bin/cmake --install /home/mines/mines_ws/captureData/scrap/build/pkg_collect_pointclouds
